#######################################################################################
# log primitive debug message of FSDB dumping                                         #
# This is for R&D to analyze when there are issues happening when FSDB dump           #
#######################################################################################
ANF: vcsd_get_serial_mode_status('simv: undefined symbol: vcsd_get_serial_mode_status')
ANF: vcsd_enable_sva_success_callback('simv: undefined symbol: vcsd_enable_sva_success_callback')
ANF: vcsd_disable_sva_success_callback('simv: undefined symbol: vcsd_disable_sva_success_callback')
ANF: vcsd_get_power_scope_name('simv: undefined symbol: vcsd_get_power_scope_name')
ANF: vcsd_begin_no_value_var_info('simv: undefined symbol: vcsd_begin_no_value_var_info')
ANF: vcsd_end_no_value_var_info('simv: undefined symbol: vcsd_end_no_value_var_info')
ANF: vcsd_remove_xprop_merge_mode_callback('simv: undefined symbol: vcsd_remove_xprop_merge_mode_callback')
ANF: vcsd_clone_vpi('simv: undefined symbol: vcsd_clone_vpi')
ANF: vhpi_get_cb_info('simv: undefined symbol: vhpi_get_cb_info')
ANF: vhpi_free_handle('simv: undefined symbol: vhpi_free_handle')
ANF: vhpi_fetch_vcsd_handle('simv: undefined symbol: vhpi_fetch_vcsd_handle')
ANF: vhpi_fetch_vpi_handle('simv: undefined symbol: vhpi_fetch_vpi_handle')
ANF: vhpi_has_verilog_parent('simv: undefined symbol: vhpi_has_verilog_parent')
ANF: vhpi_is_verilog_scope('simv: undefined symbol: vhpi_is_verilog_scope')
ANF: scsd_xprop_is_enabled('simv: undefined symbol: scsd_xprop_is_enabled')
ANF: scsd_xprop_sig_is_promoted('simv: undefined symbol: scsd_xprop_sig_is_promoted')
ANF: scsd_xprop_int_xvalue('simv: undefined symbol: scsd_xprop_int_xvalue')
ANF: scsd_xprop_bool_xvalue('simv: undefined symbol: scsd_xprop_bool_xvalue')
ANF: scsd_xprop_enum_xvalue('simv: undefined symbol: scsd_xprop_enum_xvalue')
ANF: scsd_xprop_register_merge_mode_cb('simv: undefined symbol: scsd_xprop_register_merge_mode_cb')
ANF: scsd_xprop_delete_merge_mode_cb('simv: undefined symbol: scsd_xprop_delete_merge_mode_cb')
ANF: scsd_xprop_get_merge_mode('simv: undefined symbol: scsd_xprop_get_merge_mode')
ANF: scsd_thread_get_info('simv: undefined symbol: scsd_thread_get_info')
ANF: scsd_thread_vc_init('simv: undefined symbol: scsd_thread_vc_init')
ANF: scsd_master_set_delta_sync_cbk('simv: undefined symbol: scsd_master_set_delta_sync_cbk')
ANF: scsd_fgp_get_fsdb_cores('simv: undefined symbol: scsd_fgp_get_fsdb_cores')
ANF: scsd_fgp_get_is_cpu_affinity_disabled('simv: undefined symbol: scsd_fgp_get_is_cpu_affinity_disabled')
ANF: upfim_get_current_event_value('simv: undefined symbol: upfim_get_current_event_value')
ANF: upf_pkg_query_object_print_pathname('simv: undefined symbol: upf_pkg_query_object_print_pathname')
ANF: vdi_msv_rtvs_is_enabled('simv: undefined symbol: vdi_msv_rtvs_is_enabled')
ANF: vdi_msv_rtvs_is_digital_view_enabled('simv: undefined symbol: vdi_msv_rtvs_is_digital_view_enabled')
ANF: vdi_msv_rtvs_set_view_change_callback('simv: undefined symbol: vdi_msv_rtvs_set_view_change_callback')
ANF: vdi_fn_trigger_init_fm_divergence('simv: undefined symbol: vdi_fn_trigger_init_fm_divergence')
ANF: vhdi_dt_get_type('simv: undefined symbol: vhdi_dt_get_type')
ANF: vhdi_dt_get_key('simv: undefined symbol: vhdi_dt_get_key')
ANF: vhdi_dt_get_vhdl_enum_info('simv: undefined symbol: vhdi_dt_get_vhdl_enum_info')
ANF: vhdi_dt_get_vhdl_physical_info('simv: undefined symbol: vhdi_dt_get_vhdl_physical_info')
ANF: vhdi_dt_get_vhdl_array_info('simv: undefined symbol: vhdi_dt_get_vhdl_array_info')
ANF: vhdi_dt_get_vhdl_record_info('simv: undefined symbol: vhdi_dt_get_vhdl_record_info')
ANF: vhdi_def_traverse_module('simv: undefined symbol: vhdi_def_traverse_module')
ANF: vhdi_def_traverse_scope('simv: undefined symbol: vhdi_def_traverse_scope')
ANF: vhdi_def_traverse_variable('simv: undefined symbol: vhdi_def_traverse_variable')
ANF: vhdi_def_get_module_id_by_vhpi('simv: undefined symbol: vhdi_def_get_module_id_by_vhpi')
ANF: vhdi_def_get_handle_by_module_id('simv: undefined symbol: vhdi_def_get_handle_by_module_id')
ANF: vhdi_def_get_variable_info_by_vhpi('simv: undefined symbol: vhdi_def_get_variable_info_by_vhpi')
ANF: vhdi_def_free('simv: undefined symbol: vhdi_def_free')
ANF: vhdi_ist_traverse_scope('simv: undefined symbol: vhdi_ist_traverse_scope')
ANF: vhdi_ist_traverse_variable('simv: undefined symbol: vhdi_ist_traverse_variable')
ANF: vhdi_ist_convert_by_vhpi('simv: undefined symbol: vhdi_ist_convert_by_vhpi')
ANF: vhdi_ist_clone('simv: undefined symbol: vhdi_ist_clone')
ANF: vhdi_ist_free('simv: undefined symbol: vhdi_ist_free')
ANF: vhdi_ist_hash_key('simv: undefined symbol: vhdi_ist_hash_key')
ANF: vhdi_ist_compare('simv: undefined symbol: vhdi_ist_compare')
ANF: vhdi_ist_get_value_addr('simv: undefined symbol: vhdi_ist_get_value_addr')
ANF: vhdi_set_scsd_callback('simv: undefined symbol: vhdi_set_scsd_callback')
ANF: vhdi_cbk_set_force_callback('simv: undefined symbol: vhdi_cbk_set_force_callback')
ANF: vhdi_trigger_init_force('simv: undefined symbol: vhdi_trigger_init_force')
ANF: vhdi_ist_check_scsd_callback('simv: undefined symbol: vhdi_ist_check_scsd_callback')
ANF: vhdi_ist_add_scsd_callback('simv: undefined symbol: vhdi_ist_add_scsd_callback')
ANF: vhdi_ist_remove_scsd_callback('simv: undefined symbol: vhdi_ist_remove_scsd_callback')
ANF: vhdi_ist_get_scsd_user_data('simv: undefined symbol: vhdi_ist_get_scsd_user_data')
ANF: vhdi_add_time_change_callback('simv: undefined symbol: vhdi_add_time_change_callback')
ANF: vhdi_get_real_value_by_value_addr('simv: undefined symbol: vhdi_get_real_value_by_value_addr')
ANF: vhdi_get_64_value_by_value_addr('simv: undefined symbol: vhdi_get_64_value_by_value_addr')
ANF: vhdi_xprop_inst_is_promoted('simv: undefined symbol: vhdi_xprop_inst_is_promoted')
ANF: vdi_ist_convert_by_vhdi('simv: undefined symbol: vdi_ist_convert_by_vhdi')
ANF: vhdi_ist_get_module_id('simv: undefined symbol: vhdi_ist_get_module_id')
ANF: vhdi_refine_foreign_scope_type('simv: undefined symbol: vhdi_refine_foreign_scope_type')
ANF: vhdi_flush_callback('simv: undefined symbol: vhdi_flush_callback')
ANF: vhdi_set_orig_name('simv: undefined symbol: vhdi_set_orig_name')
ANF: vhdi_set_dump_pt('simv: undefined symbol: vhdi_set_dump_pt')
ANF: vhdi_get_fsdb_option('simv: undefined symbol: vhdi_get_fsdb_option')
ANF: vhdi_fgp_get_mode('simv: undefined symbol: vhdi_fgp_get_mode')
ANF: vhdi_node_register_composite_var('simv: undefined symbol: vhdi_node_register_composite_var')
ANF: vhdi_node_analysis('simv: undefined symbol: vhdi_node_analysis')
ANF: vhdi_node_id('simv: undefined symbol: vhdi_node_id')
ANF: vhdi_node_ist_check_scsd_callback('simv: undefined symbol: vhdi_node_ist_check_scsd_callback')
ANF: vhdi_node_ist_add_scsd_callback('simv: undefined symbol: vhdi_node_ist_add_scsd_callback')
ANF: vhdi_node_ist_get_value_addr('simv: undefined symbol: vhdi_node_ist_get_value_addr')
ANF: vhdi_enc_def_traverse_module('simv: undefined symbol: vhdi_enc_def_traverse_module')
ANF: vhdi_enc_def_traverse_scope('simv: undefined symbol: vhdi_enc_def_traverse_scope')
ANF: vhdi_enc_def_traverse_variable('simv: undefined symbol: vhdi_enc_def_traverse_variable')
ANF: vhdi_enc_ist_traverse_scope('simv: undefined symbol: vhdi_enc_ist_traverse_scope')
ANF: vhdi_enc_ist_traverse_variable('simv: undefined symbol: vhdi_enc_ist_traverse_variable')
ANF: vhdi_enc_ist_get_module_id('simv: undefined symbol: vhdi_enc_ist_get_module_id')
ANF: vhdi_enc_def_get_handle_by_module_id('simv: undefined symbol: vhdi_enc_def_get_handle_by_module_id')
VCS compile option:
 option[0]: simv
 option[1]: -lca
 option[2]: -a
 option[3]: POST.log
 option[4]: +define+SDF+tb3
 option[5]: /usr/cad/synopsys/vcs/2021.09/linux64/bin/vcs1
 option[6]: -Mcc=gcc
 option[7]: -Mcplusplus=g++
 option[8]: -Masflags=
 option[9]: -Mcfl= -pipe -fPIC -O -I/usr/cad/synopsys/vcs/2021.09/include 
 option[10]: -Mxllcflags=
 option[11]: -Mxcflags= -pipe -fPIC -I/usr/cad/synopsys/vcs/2021.09/include
 option[12]: -Mldflags= -rdynamic 
 option[13]: -Mout=simv
 option[14]: -Mamsrun=
 option[15]: -Mvcsaceobjs=
 option[16]: -Mobjects= /usr/cad/synopsys/vcs/2021.09/linux64/lib/libvirsim.so /usr/cad/synopsys/vcs/2021.09/linux64/lib/liberrorinf.so /usr/cad/synopsys/vcs/2021.09/linux64/lib/libsnpsmalloc.so /usr/cad/synopsys/vcs/2021.09/linux64/lib/libvfs.so 
 option[17]: -Mexternalobj=
 option[18]: -Msaverestoreobj=/usr/cad/synopsys/vcs/2021.09/linux64/lib/vcs_save_restore_new.o
 option[19]: -Mcrt0=
 option[20]: -Mcrtn=
 option[21]: -Mcsrc=
 option[22]: -Msyslibs=/usr/cad/synopsys/verdi/2022.06//share/PLI/VCS/LINUX64/pli.a -ldl 
 option[23]: -l
 option[24]: POST.log
 option[25]: -Xvcs_run_simv=1
 option[26]: -full64
 option[27]: -kdb
 option[28]: -Xufe=2steps
 option[29]: -lca
 option[30]: -debug_access+all
 option[31]: +vpi
 option[32]: +vcsd1
 option[33]: +itf+/usr/cad/synopsys/vcs/2021.09/linux64/lib/vcsdp_lite.tab
 option[34]: +define+SDF+tb3
 option[35]: -picarchive
 option[36]: -P
 option[37]: /usr/cad/synopsys/verdi/2022.06//share/PLI/VCS/LINUX64/verdi.tab
 option[38]: -fsdb
 option[39]: -gen_obj
 option[40]: ../tb.v
 option[41]: ../../dc/huffman_syn.v
 option[42]: -v
 option[43]: /users/m1053011/Desktop/verilog_sim/ic_contest/CBDK_IC_Contest_v2.5/Verilog/tsmc13_neg.v
 option[44]: -load
 option[45]: /usr/cad/synopsys/verdi/2022.06//share/PLI/VCS/LINUX64/libnovas.so:FSDBDumpCmd
Chronologic Simulation VCS Release S-2021.09_Full64
Linux 3.10.0-1160.76.1.el7.x86_64 #1 SMP Wed Aug 10 16:21:17 UTC 2022 x86_64
CPU cores: 8
Limit information:
======================================
cputime		unlimited
filesize		unlimited
datasize		unlimited
stacksize		8192 kbytes
coredumpsize		0 kbytes
memoryuse		unlimited
vmemoryuse		unlimited
descriptors		4096
memorylocked		64 kbytes
maxproc		4096
======================================
(Special)Runtime environment variables:

Runtime environment variables:
SYNOPSYS_LC_ROOT=/cad/synopsys/lc/cur
MANPATH=/usr/cad/synopsys/synthesis/2021.06-sp2/doc/syn/man:/usr/cad/synopsys/vcs/2021.09//doc/man
TMIARCH=RH_64
SSH_AGENT_PID=10239
XDG_SESSION_ID=c22
SYNOPSYS_TMAX=/usr/cad/synopsys/tmax/cur
XLOCALEDIR=/usr/cad/synopsys/icc/2022.03/etc/locale
HOSTNAME=testlab5913
DBUS_STARTER_ADDRESS=unix:abstract=/tmp/dbus-bLWW7LldMS,guid=a5d78dff8cf2e5b2d6639c05643a3dc7
SNPS_VERDI_INTERNAL_LP_XML_NEW_FLOW=1
UNAME=/bin/uname
XRDP_SOCKET_PATH=/run/xrdp
IMSETTINGS_INTEGRATE_DESKTOP=yes
SCRNAME=vcs
VCS_DEPTH=0
TERM=xterm-256color
SHELL=/bin/tcsh
XDG_MENU_PREFIX=gnome-
HOST=testlab5913
VTE_VERSION=5204
HISTSIZE=1000
GNOME_TERMINAL_SCREEN=/org/gnome/Terminal/screen/2746e6d2_7227_450f_90e0_281ea4c4f5bf
CDS_LOAD_ENV=CSF
VCS_LOG_FILE=POST.log
MGC_LOCATION_MAP=NO_MAP
HSP_GCC_VERSION=9.2.0
QTDIR=/usr/lib64/qt-3.3
QTINC=/usr/lib64/qt-3.3/include
LC_ALL=C
SNPS_VCS_INTERNAL_ROOT_PID=12366
SPAPI_AHDL_INCLUDE=/usr/cad/synopsys/hspice/2021.09/hspice/include
IMSETTINGS_MODULE=none
QT_GRAPHICSSYSTEM_CHECKED=1
HSP_HOME=/usr/cad/synopsys/hspice/2021.09/hspice
GROUP=m1053011
USER=m1053011
CUDA_HOME=:/usr/local/cuda-11.4:/usr/local/cuda-11.4
LS_COLORS=rs=0:di=38;5;27:ln=38;5;51:mh=44;38;5;15:pi=40;38;5;11:so=38;5;13:do=38;5;5:bd=48;5;232;38;5;11:cd=48;5;232;38;5;3:or=48;5;232;38;5;9:mi=05;48;5;232;38;5;15:su=48;5;196;38;5;15:sg=48;5;11;38;5;16:ca=48;5;196;38;5;226:tw=48;5;10;38;5;16:ow=48;5;10;38;5;21:st=48;5;21;38;5;15:ex=38;5;34:*.tar=38;5;9:*.tgz=38;5;9:*.arc=38;5;9:*.arj=38;5;9:*.taz=38;5;9:*.lha=38;5;9:*.lz4=38;5;9:*.lzh=38;5;9:*.lzma=38;5;9:*.tlz=38;5;9:*.txz=38;5;9:*.tzo=38;5;9:*.t7z=38;5;9:*.zip=38;5;9:*.z=38;5;9:*.Z=38;5;9:*.dz=38;5;9:*.gz=38;5;9:*.lrz=38;5;9:*.lz=38;5;9:*.lzo=38;5;9:*.xz=38;5;9:*.bz2=38;5;9:*.bz=38;5;9:*.tbz=38;5;9:*.tbz2=38;5;9:*.tz=38;5;9:*.deb=38;5;9:*.rpm=38;5;9:*.jar=38;5;9:*.war=38;5;9:*.ear=38;5;9:*.sar=38;5;9:*.rar=38;5;9:*.alz=38;5;9:*.ace=38;5;9:*.zoo=38;5;9:*.cpio=38;5;9:*.7z=38;5;9:*.rz=38;5;9:*.cab=38;5;9:*.jpg=38;5;13:*.jpeg=38;5;13:*.gif=38;5;13:*.bmp=38;5;13:*.pbm=38;5;13:*.pgm=38;5;13:*.ppm=38;5;13:*.tga=38;5;13:*.xbm=38;5;13:*.xpm=38;5;13:*.tif=38;5;13:*.tiff=38;5;13:*.png=38;5;13:*.svg=38;5;13:*.svgz=38;5;13:*.mng=38;5;13:*.pcx=38;5;13:*.mov=38;5;13:*.mpg=38;5;13:*.mpeg=38;5;13:*.m2v=38;5;13:*.mkv=38;5;13:*.webm=38;5;13:*.ogm=38;5;13:*.mp4=38;5;13:*.m4v=38;5;13:*.mp4v=38;5;13:*.vob=38;5;13:*.qt=38;5;13:*.nuv=38;5;13:*.wmv=38;5;13:*.asf=38;5;13:*.rm=38;5;13:*.rmvb=38;5;13:*.flc=38;5;13:*.avi=38;5;13:*.fli=38;5;13:*.flv=38;5;13:*.gl=38;5;13:*.dl=38;5;13:*.xcf=38;5;13:*.xwd=38;5;13:*.yuv=38;5;13:*.cgm=38;5;13:*.emf=38;5;13:*.axv=38;5;13:*.anx=38;5;13:*.ogv=38;5;13:*.ogx=38;5;13:*.aac=38;5;45:*.au=38;5;45:*.flac=38;5;45:*.mid=38;5;45:*.midi=38;5;45:*.mka=38;5;45:*.mp3=38;5;45:*.mpc=38;5;45:*.ogg=38;5;45:*.ra=38;5;45:*.wav=38;5;45:*.axa=38;5;45:*.oga=38;5;45:*.spx=38;5;45:*.xspf=38;5;45:
LD_LIBRARY_PATH=/usr/cad/synopsys/vcs/2021.09//lib:/usr/cad/synopsys/vcs/2021.09/linux64/lib::::/usr/cad/synopsys/milkyway/2022.03//lib/linux64/::::/usr/cad/synopsys/verdi/2022.06//etc/lib/libstdc++/LINUX64/:/usr/cad/synopsys/verdi/2022.06//share/PLI/lib/LINUX64/:/usr/cad/synopsys/verdi/2022.06//share/PLI/VCS/LINUX64/::/usr/cad/synopsys/verdi/cur/share/PLI/VCS/LINUX64::/lib64:/usr/lib64:/usr/local/lib64::::/usr/cad/cadence/XCELIUM/XCELIUM_20.09.007/tools/lib/64bit:/usr/cad/cadence/XCELIUM/XCELIUM_20.09.007/tools/lib64:/usr/cad/cadence/XCELIUM/XCELIUM_20.09.007/tools/lib:::/usr/cad/cadence/IC/IC_06.18.150/tools/lib:/usr/local/cuda-11.4/lib64:/usr/local/cuda-11.4/lib64:/lib64:/usr/lib64:/usr/local/lib64
GNOME_TERMINAL_SERVICE=:1.13517
SCRIPT_NAME=vcs
VCS_MX_HOME_INTERNAL=1
installdir=/usr/cad/synopsys/hspice/2021.09/hspice
SSH_AUTH_SOCK=/run/user/1005/keyring/ssh
HOSTTYPE=x86_64-linux
SNPS_VCS_CLANG_PATH=/usr/cad/synopsys/vcs/2021.09//linux64/clang
SESSION_MANAGER=local/unix:@/tmp/.ICE-unix/10238,unix/unix:/tmp/.ICE-unix/10238
CMIARCH=RH_64
OVA_UUM=0
XRDP_PULSE_SINK_SOCKET=xrdp_chansrv_audio_out_socket_11
VCS_MODE_FLAG=64
PULSE_SCRIPT=/etc/xrdp/pulse/default.pa
GNOME_SHELL_SESSION_MODE=classic
MAIL=/var/spool/mail/m1053011
PATH=.:/usr/cad/synopsys/formality/2022.03//amd64/fm/bin:/usr/cad/synopsys/primetime/2021.06/amd64/syn/bin:/usr/cad/math/R2021a/bin/:/usr/cad/mentor/calibre/aoi_cal_2021.3_35.19//bin:/usr/cad/synopsys/milkyway/2022.03//bin/linux64:/usr/cad/synopsys/xa/2021.09//bin:/usr/cad/synopsys/tmax/cur/bin:/usr/cad/synopsys/icc/2022.03/amd64/syn/bin:/usr/cad/synopsys/verdi/2022.06//bin:/usr/cad/synopsys/vcs/2021.09//amd64/bin:/usr/cad/synopsys/synthesis/2021.06-sp2/amd64/syn/bin:/cad/synopsys/lc/cur/bin:/usr/cad/synopsys/customexplorer/2021.09//bin:/usr/cad/synopsys/hspice/2021.09/hspice/bin:/usr/cad/synopsys/hspice/2021.09/hspice/GNU/linux64/gcc/bin:/usr/cad/synopsys/hspice/2021.09/hspice/linux64:/usr/bin:/usr/ucb/bin:/usr/cad/synopsys/hspice/2021.09//hspice/bin:/usr/cad/cadence/XCELIUM/XCELIUM_20.09.007/tools/bin/64bit:/usr/cad/cadence/XCELIUM/XCELIUM_20.09.007/tools/bin:/usr/cad/cadence/IC/IC_06.18.150/tools/dfII/bin:/usr/cad/cadence/IC/IC_06.18.150/tools/dracula/bin:/usr/cad/cadence/IC/IC_06.18.150/tools/bin:/usr/lib64/qt-3.3/bin:/sbin:/bin:/usr/bin:/usr/local/bin:/usr/local/sbin:/usr/sbin:/usr/local/cuda-11.4/bin:/usr/cad/anaconda3/bin:/users/m1053011/.local/bin:/users/m1053011/bin:/usr/local/cuda-11.4/bin:/usr/cad/anaconda3/bin:/users/m1053011/.local/bin:/users/m1053011/bin
QT_IM_MODULE=ibus
SNPS_VCS_INTERNAL_CURR_PID=12366
CALIBRE_HOME=/usr/cad/mentor/calibre/aoi_cal_2021.3_35.19/
VERDI_HOME=/usr/cad/synopsys/verdi/2022.06/
PWD=/users/m1053011/Desktop/verilog_sim/ic_contest/2018_grad_cell/verilog/run_sim
VCS_HOME=/usr/cad/synopsys/vcs/2021.09/
XMODIFIERS=@im=ibus
SNPS_VCS_INTERNAL_MEMPRELOAD_USE_LIBC=1
XRDP_SESSION=1
XRDP_PULSE_SOURCE_SOCKET=xrdp_chansrv_audio_in_socket_11
OA_HOME=/usr/cad/cadence/IC/IC_06.18.150/oa
TURBO_LOG_DIR=/tmp/vcs_20230427020925_12366
VMR_MODE_FLAG=64
VCS_CC=gcc
CDSHOME=/usr/cad/cadence/IC/IC_06.18.150
SYNOPSYS=/usr/cad/synopsys/formality/cur
CDS_Netlisting_Mode=Analog
LM_LICENSE_FILE=26585@lshc:1717@lshc:5280@lshc:26585@lstc:1717@lstc:5280@lstc:
HISTCONTROL=ignoredups
VCS_ARG_ADDED_FOR_TMP=1
SNPS_VCS_TMPDIR=/tmp/vcs_20230427020925_12366
DBUS_STARTER_BUS_TYPE=session
HSP_GCC=/usr/cad/synopsys/hspice/2021.09/hspice/GNU/linux64/gcc/bin/gcc -m64 
HOME=/users/m1053011
SHLVL=3
MATLAB_ROOT_DIR=/usr/cad/math/R2021a
OSTYPE=linux
MGC_HOME=/usr/cad/mentor/calibre/aoi_cal_2021.3_35.19/
CDS_AUTO_64BIT=ALL
GNOME_DESKTOP_SESSION_ID=this-is-deprecated
SNPS_64=1
VCS_COM=/usr/cad/synopsys/vcs/2021.09/linux64/bin/vcs1
MGC_TMPDIR=/tmp
SNPS_PLATFORM=linux64
HSP_SIGMA_AMP=/usr/cad/synopsys/hspice/2021.09/hspice/linux64/python/AVA/ava
VENDOR=unknown
MACHTYPE=x86_64
LOGNAME=m1053011
QTLIB=/usr/lib64/qt-3.3/lib
SNPS_VCS_INTERNAL_ROOT_START_TIME=1682561365.495581209
XDG_DATA_DIRS=/users/m1053011/.local/share/flatpak/exports/share:/var/lib/flatpak/exports/share:/usr/local/share:/usr/share
DBUS_SESSION_BUS_ADDRESS=unix:abstract=/tmp/dbus-bLWW7LldMS,guid=a5d78dff8cf2e5b2d6639c05643a3dc7
mraarch=linux_64
UID=1005
LESSOPEN=||/usr/bin/lesspipe.sh %s
SHLIB_PATH=/usr/cad/synopsys/verdi/2022.06//etc/lib/libstdc++/LINUX64/:/usr/cad/synopsys/verdi/2022.06//share/PLI/lib/LINUX64/:/usr/cad/synopsys/verdi/2022.06//share/PLI/VCS/LINUX64/:
ARCH=linux64
sysc_uni_pwd=/users/m1053011/Desktop/verilog_sim/ic_contest/2018_grad_cell/verilog/run_sim
CDPL_HOME=/usr/cad/synopsys/hspice/2021.09/hspice/cdpl
XDG_RUNTIME_DIR=/run/user/1005
DISPLAY=:11.0
VCS_ARCH=linux64
SYN_MAN_DIR=/usr/cad/synopsys/vcs/2021.09//doc/man
TOOL_HOME=/usr/cad/synopsys/vcs/2021.09/linux64
XDG_CURRENT_DESKTOP=GNOME
COLORTERM=truecolor
_=./simv
OLDPWD=/users/m1053011/Desktop/verilog_sim/ic_contest/2018_grad_cell/verilog/run_sim/simv.daidir/debug_dump/fsearch
VCS_PATHMAP_PRELOAD_DONE=1
VCS_EXEC_DONE=1
DVE=/usr/cad/synopsys/vcs/2021.09//gui/dve
SPECMAN_OUTPUT_TO_TTY=1
VCS_LCAMSG_PRINT_OFF=1
FLEXLM_BORROWFILE=/users/m1053011/.testlab5913-borrow.txt
Runtime command line arguments:
argv[0]=simv
argv[1]=-lca
argv[2]=-a
argv[3]=POST.log
argv[4]=+define+SDF+tb3
281 profile - 100
          CPU/Mem usage: 0.020 sys,  0.170 user,  260.20M mem
282 Elapsed time:    0:00:00    Thu Apr 27 10:09:29 2023
283 User CPU time used: 0 seconds
284 System CPU time used: 0 seconds
285 pliAppInit
286 [pliEnvSetDefaultValueWithLCA] start
287 [pliEnvSetDefaultValueWithLCA] end
288 [SC]Init: MemoryConsumed=0.00MB ElapsedTime=0hour 0min. 0sec.
289 FSDB_GATE is set.
290 FSDB_RTL is set.
291 FSDB_ALIAS_ARRAY_ELEM is set to 4294967295.
292 Enable Parallel Dumping.
293 pliAppMiscSet: New Sim Round
294 pliEntryInit
295 LIBSSCORE=found /usr/cad/synopsys/verdi/2022.06//share/PLI/lib/LINUXAMD64/libsscore_vcs202109.so through $NOVAS_HOME setting.
296 FSDB Dumper for VCS, Release Verdi_T-2022.06, Linux x86_64/64bit, 05/29/2022
297 (C) 1996 - 2022 by Synopsys, Inc.
298 sps_call_fsdbDumpfile_main at 0 : ../tb.v(66)
299 argv[0]: (huffman.fsdb)
300 *Verdi* FSDB WARNING: The FSDB file already exists. Overwriting the FSDB file may crash the programs that are using this file.
301 *Verdi* : Create FSDB file 'huffman.fsdb'
302 [spi_vcs_vd_ppi_create_root]: no upf option
303 compile option from '/users/m1053011/Desktop/verilog_sim/ic_contest/2018_grad_cell/verilog/run_sim/simv.daidir/vcs_rebuild'.
304   "vcs '-R' '-full64' '../tb.v' '../../dc/huffman_syn.v' '-kdb' '-lca' '-l' 'POST.log' '-debug_access+all' '-v' '/users/m1053011/Desktop/verilog_sim/ic_contest/CBDK_IC_Contest_v2.5/Verilog/tsmc13_neg.v' '+define+SDF+tb3' 2>&1"
305 DVDI_is_vir_unload_enabled is enable
306 FSDB_VCS_ENABLE_NATIVE_VC is enable
307 sps_call_fsdbDumpMDA_vd_main at 0 : ../tb.v(67)
308 *Verdi* : Begin traversing the MDAs, layer (0).
309 *Verdi* : Enable +mda and +packedmda dumping.
310 *Verdi* : End of traversing the MDAs.
311 pliAppHDL_DumpVarComplete traverse var: profile - 
          CPU/Mem usage: 0.020 sys,  0.180 user,  357.07M mem
                   incr: 0.000 sys,  0.010 user,  5.07M mem
                   accu: 0.000 sys,  0.010 user,  5.07M mem
              accu incr: 0.000 sys,  0.010 user,  5.07M mem

          Count usage: 136 var,  136 idcode,  5 callback
                 incr: 136 var,  136 idcode,  5 callback
                 accu: 136 var,  136 idcode,  5 callback
            accu incr: 136 var,  136 idcode,  5 callback
312 Elapsed time:    0:00:00    Thu Apr 27 10:09:29 2023
313 User CPU time used: 0 seconds
314 System CPU time used: 0 seconds
315 pliAppHDL_DumpVarComplete: profile - 
          CPU/Mem usage: 0.020 sys,  0.180 user,  358.13M mem
                   incr: 0.000 sys,  0.000 user,  1.05M mem
                   accu: 0.000 sys,  0.010 user,  6.12M mem
              accu incr: 0.000 sys,  0.000 user,  1.05M mem

          Count usage: 136 var,  136 idcode,  5 callback
                 incr: 0 var,  0 idcode,  0 callback
                 accu: 136 var,  136 idcode,  5 callback
            accu incr: 0 var,  0 idcode,  0 callback
316 Elapsed time:    0:00:00    Thu Apr 27 10:09:29 2023
317 User CPU time used: 0 seconds
318 System CPU time used: 0 seconds
319 sps_call_fsdbDumpvars_vd_main at 0 : ../tb.v(68)
320 *Verdi* : Begin traversing the scopes, layer (0).
321 *Verdi* : End of traversing.
322 pliAppHDL_DumpVarComplete traverse var: profile - 
          CPU/Mem usage: 0.030 sys,  0.180 user,  361.03M mem
                   incr: 0.010 sys,  0.000 user,  2.90M mem
                   accu: 0.010 sys,  0.000 user,  2.90M mem
              accu incr: 0.010 sys,  0.000 user,  2.90M mem

          Count usage: 1887 var,  2103 idcode,  1912 callback
                 incr: 1751 var,  1967 idcode,  1907 callback
                 accu: 1751 var,  1967 idcode,  1907 callback
            accu incr: 1751 var,  1967 idcode,  1907 callback
323 Elapsed time:    0:00:01    Thu Apr 27 10:09:30 2023
324 User CPU time used: 0 seconds
325 System CPU time used: 0 seconds
326 pliAppHDL_DumpVarComplete: profile - 
          CPU/Mem usage: 0.030 sys,  0.180 user,  361.03M mem
                   incr: 0.000 sys,  0.000 user,  0.00M mem
                   accu: 0.010 sys,  0.000 user,  2.90M mem
              accu incr: 0.000 sys,  0.000 user,  0.00M mem

          Count usage: 1887 var,  2103 idcode,  1912 callback
                 incr: 0 var,  0 idcode,  0 callback
                 accu: 1751 var,  1967 idcode,  1907 callback
            accu incr: 0 var,  0 idcode,  0 callback
327 Elapsed time:    0:00:01    Thu Apr 27 10:09:30 2023
328 User CPU time used: 0 seconds
329 System CPU time used: 0 seconds
330 End of simulation at 1190000
331 Memory usage: 361.026 M
332 Maximum resident set size: 81 MB
333 Hard page faults: 0
334 Soft page faults: 31117
335 Elapsed time:    0:00:01    Thu Apr 27 10:09:30 2023
336 User CPU time used: 0 seconds
337 System CPU time used: 0 seconds
338 Begin FSDB profile info:
339 FSDB Writer : bc1(27337) bcn(1202) mtf/stf(0/0)
FSDB Writer elapsed time : flush(0.284310) io wait(0.000000) theadpool wait(0.000000)
FSDB Writer cpu time : MT Compression : 0
340 End FSDB profile info
341 FSDB closed. Name: huffman.fsdb Size: 148626
342 Parallel profile     - ProducerThread:1 ConsumerThread:1 Buffer:64MB
343                      - BlockUsed:1 Acquire:49265 BufferUsed:609490
344                      - Flush:4 Expand:0 ProducerWait:0 ConsumerWait:0
345                      - MainProducerTime:0.237397021 TotalConsumerTime:0.000000000
346                      - ElapsedTime:1.719971000
347 Producer   0 profile - BlockUsed:1 Acquire:49265 BufferUsed:609490
348 Consumer   0 profile - Affinity:-1 CPUTime:0.000000000 LifeTime:0.000000000 (-nan%)
349                      - BlockUsed:1 Acquire:49265 BufferUsed:609490
350 SimExit
351 Elapsed time:    0:00:02    Thu Apr 27 10:09:31 2023
352 User CPU time used: 0 seconds
353 System CPU time used: 0 seconds
354 Sim process exit
