version: (200506)

available memory: 64M bytes
used memory: 81920 bytes [need 80K bytes if disable swap]

used block: 3 [memory(3) file(0)]
                 [ 8K(2) 64K(1) { total 80K bytes } ]
overhead: (9538) bytes for (3) blocks [Average: (3179) bytes/block]

write  => 0(times) 0K(bytes) [0K bytes to file]
read   => 1(times) 26K(bytes) [4K bytes compressed data from file]
access => 84594(times) 665M(bytes)
          [hit ratio: 99.9988%]

time: write(0) read(0)  unit: second

swap file directory: (/users/m1053011/Desktop/verilog_sim/ic_contest/2018_grad_cell/verilog/run_sim/verdiLog)
used swap file number: (1)



swap file manager:
arrSize: (256)
idxCnt: (3)
closeHead: (1)
closeTail: (2)
openCnt: (1)
fid(2): fd(20) fileName(/users/m1053011/Desktop/verilog_sim/ic_contest/2018_grad_cell/verilog/run_sim/verdiLog/_swap_0001#-1463754408#5638)
	size(0) lastModTime(0) curModTime(1682043394)
	mode(w+b)	hot(0) cool(1) pos(0)
fid(1): fd(0) fileName(NULL)
	mode(rb)	hot(2) cool(0) pos(0)
fid(0): fd(0) fileName(NULL)
	mode(NULL)	hot(0) cool(0) pos(0)
Swap system is reset at (Fri Apr 21 10:25:47 2023
)
version: (200506)

available memory: 64M bytes
used memory: 163840 bytes [need 80K bytes if disable swap]

used block: 6 [memory(6) file(0)]
                 [ 8K(4) 64K(2) { total 160K bytes } ]
overhead: (9538) bytes for (6) blocks [Average: (1589) bytes/block]

write  => 0(times) 0K(bytes) [0K bytes to file]
read   => 2(times) 52K(bytes) [9K bytes compressed data from file]
access => 214917(times) 1689M(bytes)
          [hit ratio: 99.9991%]

time: write(0) read(0)  unit: second

swap file directory: (/users/m1053011/Desktop/verilog_sim/ic_contest/2018_grad_cell/verilog/run_sim/verdiLog)
used swap file number: (3)



swap file manager:
arrSize: (256)
idxCnt: (5)
closeHead: (3)
closeTail: (4)
openCnt: (1)
fid(4): fd(29) fileName(/users/m1053011/Desktop/verilog_sim/ic_contest/2018_grad_cell/verilog/run_sim/verdiLog/_swap_0001#-1463754408#5638)
	size(0) lastModTime(0) curModTime(1682043947)
	mode(w+b)	hot(0) cool(3) pos(0)
fid(3): fd(0) fileName(NULL)
	mode(rb)	hot(4) cool(0) pos(0)
fid(2): fd(0) fileName(NULL)
	mode(NULL)	hot(0) cool(0) pos(0)
fid(1): fd(0) fileName(NULL)
	mode(NULL)	hot(0) cool(0) pos(0)
fid(0): fd(0) fileName(NULL)
	mode(NULL)	hot(0) cool(0) pos(0)
Swap system is reset at (Fri Apr 21 10:50:25 2023
)
version: (200506)

available memory: 64M bytes
used memory: 245760 bytes [need 80K bytes if disable swap]

used block: 9 [memory(9) file(0)]
                 [ 8K(6) 64K(3) { total 240K bytes } ]
overhead: (9538) bytes for (9) blocks [Average: (1059) bytes/block]

write  => 0(times) 0K(bytes) [0K bytes to file]
read   => 3(times) 77K(bytes) [14K bytes compressed data from file]
access => 304481(times) 2394M(bytes)
          [hit ratio: 99.999%]

time: write(0) read(0)  unit: second

swap file directory: (/users/m1053011/Desktop/verilog_sim/ic_contest/2018_grad_cell/verilog/run_sim/verdiLog)
used swap file number: (5)



swap file manager:
arrSize: (256)
idxCnt: (7)
closeHead: (5)
closeTail: (6)
openCnt: (1)
fid(6): fd(28) fileName(/users/m1053011/Desktop/verilog_sim/ic_contest/2018_grad_cell/verilog/run_sim/verdiLog/_swap_0001#-1463754408#5638)
	size(0) lastModTime(0) curModTime(1682045425)
	mode(w+b)	hot(0) cool(5) pos(0)
fid(5): fd(0) fileName(NULL)
	mode(rb)	hot(6) cool(0) pos(0)
fid(4): fd(0) fileName(NULL)
	mode(NULL)	hot(0) cool(0) pos(0)
fid(3): fd(0) fileName(NULL)
	mode(NULL)	hot(0) cool(0) pos(0)
fid(2): fd(0) fileName(NULL)
	mode(NULL)	hot(0) cool(0) pos(0)
fid(1): fd(0) fileName(NULL)
	mode(NULL)	hot(0) cool(0) pos(0)
fid(0): fd(0) fileName(NULL)
	mode(NULL)	hot(0) cool(0) pos(0)
Swap system is reset at (Fri Apr 21 10:53:56 2023
)
version: (200506)

available memory: 64M bytes
used memory: 442368 bytes [need 192K bytes if disable swap]

used block: 19 [memory(19) file(0)]
                 [ 8K(14) 64K(5) { total 432K bytes } ]
overhead: (9555) bytes for (19) blocks [Average: (502) bytes/block]

write  => 0(times) 0K(bytes) [0K bytes to file]
read   => 5(times) 165K(bytes) [27K bytes compressed data from file]
access => 2563278(times) 20057M(bytes)
          [hit ratio: 99.9998%]

time: write(0) read(0)  unit: second

swap file directory: (/users/m1053011/Desktop/verilog_sim/ic_contest/2018_grad_cell/verilog/run_sim/verdiLog)
used swap file number: (9)



swap file manager:
arrSize: (256)
idxCnt: (10)
closeHead: (7)
closeTail: (9)
openCnt: (1)
fid(9): fd(0) fileName(NULL)
	mode(rb)	hot(7) cool(0) pos(0)
fid(8): fd(28) fileName(/users/m1053011/Desktop/verilog_sim/ic_contest/2018_grad_cell/verilog/run_sim/verdiLog/_swap_0001#-1463754408#5638)
	size(0) lastModTime(0) curModTime(1682045636)
	mode(w+b)	hot(9) cool(7) pos(0)
fid(7): fd(0) fileName(NULL)
	mode(rb)	hot(8) cool(9) pos(0)
fid(6): fd(0) fileName(NULL)
	mode(NULL)	hot(0) cool(0) pos(0)
fid(5): fd(0) fileName(NULL)
	mode(NULL)	hot(0) cool(0) pos(0)
fid(4): fd(0) fileName(NULL)
	mode(NULL)	hot(0) cool(0) pos(0)
fid(3): fd(0) fileName(NULL)
	mode(NULL)	hot(0) cool(0) pos(0)
fid(2): fd(0) fileName(NULL)
	mode(NULL)	hot(0) cool(0) pos(0)
fid(1): fd(0) fileName(NULL)
	mode(NULL)	hot(0) cool(0) pos(0)
fid(0): fd(0) fileName(NULL)
	mode(NULL)	hot(0) cool(0) pos(0)
Swap system is reset at (Fri Apr 21 11:41:57 2023
)
version: (200506)

available memory: 64M bytes
used memory: 581632 bytes [need 192K bytes if disable swap]

used block: 29 [memory(29) file(0)]
                 [ 8K(23) 64K(6) { total 568K bytes } ]
overhead: (9555) bytes for (29) blocks [Average: (329) bytes/block]

write  => 0(times) 0K(bytes) [0K bytes to file]
read   => 6(times) 228K(bytes) [36K bytes compressed data from file]
access => 5231800(times) 40921M(bytes)
          [hit ratio: 99.9999%]

time: write(0) read(0)  unit: second

swap file directory: (/users/m1053011/Desktop/verilog_sim/ic_contest/2018_grad_cell/verilog/run_sim/verdiLog)
used swap file number: (10)



swap file manager:
arrSize: (256)
idxCnt: (12)
closeHead: (10)
closeTail: (11)
openCnt: (1)
fid(11): fd(28) fileName(/users/m1053011/Desktop/verilog_sim/ic_contest/2018_grad_cell/verilog/run_sim/verdiLog/_swap_0001#-1463754408#5638)
	size(0) lastModTime(0) curModTime(1682048517)
	mode(w+b)	hot(0) cool(10) pos(0)
fid(10): fd(0) fileName(NULL)
	mode(rb)	hot(11) cool(0) pos(0)
fid(9): fd(0) fileName(NULL)
	mode(NULL)	hot(0) cool(0) pos(0)
fid(8): fd(0) fileName(NULL)
	mode(NULL)	hot(0) cool(0) pos(0)
fid(7): fd(0) fileName(NULL)
	mode(NULL)	hot(0) cool(0) pos(0)
fid(6): fd(0) fileName(NULL)
	mode(NULL)	hot(0) cool(0) pos(0)
fid(5): fd(0) fileName(NULL)
	mode(NULL)	hot(0) cool(0) pos(0)
fid(4): fd(0) fileName(NULL)
	mode(NULL)	hot(0) cool(0) pos(0)
fid(3): fd(0) fileName(NULL)
	mode(NULL)	hot(0) cool(0) pos(0)
fid(2): fd(0) fileName(NULL)
	mode(NULL)	hot(0) cool(0) pos(0)
fid(1): fd(0) fileName(NULL)
	mode(NULL)	hot(0) cool(0) pos(0)
fid(0): fd(0) fileName(NULL)
	mode(NULL)	hot(0) cool(0) pos(0)
Swap system is reset at (Fri Apr 21 12:12:28 2023
)
version: (200506)

available memory: 64M bytes
used memory: 704512 bytes [need 192K bytes if disable swap]

used block: 37 [memory(37) file(0)]
                 [ 8K(30) 64K(7) { total 688K bytes } ]
overhead: (9555) bytes for (37) blocks [Average: (258) bytes/block]

write  => 0(times) 0K(bytes) [0K bytes to file]
read   => 7(times) 291K(bytes) [45K bytes compressed data from file]
access => 5717722(times) 44730M(bytes)
          [hit ratio: 99.9999%]

time: write(0) read(0)  unit: second

swap file directory: (/users/m1053011/Desktop/verilog_sim/ic_contest/2018_grad_cell/verilog/run_sim/verdiLog)
used swap file number: (12)



swap file manager:
arrSize: (256)
idxCnt: (14)
closeHead: (12)
closeTail: (13)
openCnt: (1)
fid(13): fd(28) fileName(/users/m1053011/Desktop/verilog_sim/ic_contest/2018_grad_cell/verilog/run_sim/verdiLog/_swap_0001#-1463754408#5638)
	size(0) lastModTime(0) curModTime(1682050348)
	mode(w+b)	hot(0) cool(12) pos(0)
fid(12): fd(0) fileName(NULL)
	mode(rb)	hot(13) cool(0) pos(0)
fid(11): fd(0) fileName(NULL)
	mode(NULL)	hot(0) cool(0) pos(0)
fid(10): fd(0) fileName(NULL)
	mode(NULL)	hot(0) cool(0) pos(0)
fid(9): fd(0) fileName(NULL)
	mode(NULL)	hot(0) cool(0) pos(0)
fid(8): fd(0) fileName(NULL)
	mode(NULL)	hot(0) cool(0) pos(0)
fid(7): fd(0) fileName(NULL)
	mode(NULL)	hot(0) cool(0) pos(0)
fid(6): fd(0) fileName(NULL)
	mode(NULL)	hot(0) cool(0) pos(0)
fid(5): fd(0) fileName(NULL)
	mode(NULL)	hot(0) cool(0) pos(0)
fid(4): fd(0) fileName(NULL)
	mode(NULL)	hot(0) cool(0) pos(0)
fid(3): fd(0) fileName(NULL)
	mode(NULL)	hot(0) cool(0) pos(0)
fid(2): fd(0) fileName(NULL)
	mode(NULL)	hot(0) cool(0) pos(0)
fid(1): fd(0) fileName(NULL)
	mode(NULL)	hot(0) cool(0) pos(0)
fid(0): fd(0) fileName(NULL)
	mode(NULL)	hot(0) cool(0) pos(0)
Swap system is reset at (Fri Apr 21 12:12:38 2023
)
version: (200506)

available memory: 64M bytes
used memory: 827392 bytes [need 192K bytes if disable swap]

used block: 45 [memory(45) file(0)]
                 [ 8K(37) 64K(8) { total 808K bytes } ]
overhead: (9555) bytes for (45) blocks [Average: (212) bytes/block]

write  => 0(times) 0K(bytes) [0K bytes to file]
read   => 8(times) 354K(bytes) [54K bytes compressed data from file]
access => 5773536(times) 45178M(bytes)
          [hit ratio: 99.9999%]

time: write(0) read(0)  unit: second

swap file directory: (/users/m1053011/Desktop/verilog_sim/ic_contest/2018_grad_cell/verilog/run_sim/verdiLog)
used swap file number: (14)



swap file manager:
arrSize: (256)
idxCnt: (16)
closeHead: (14)
closeTail: (15)
openCnt: (1)
fid(15): fd(27) fileName(/users/m1053011/Desktop/verilog_sim/ic_contest/2018_grad_cell/verilog/run_sim/verdiLog/_swap_0001#-1463754408#5638)
	size(0) lastModTime(0) curModTime(1682050358)
	mode(w+b)	hot(0) cool(14) pos(0)
fid(14): fd(0) fileName(NULL)
	mode(rb)	hot(15) cool(0) pos(0)
fid(13): fd(0) fileName(NULL)
	mode(NULL)	hot(0) cool(0) pos(0)
fid(12): fd(0) fileName(NULL)
	mode(NULL)	hot(0) cool(0) pos(0)
fid(11): fd(0) fileName(NULL)
	mode(NULL)	hot(0) cool(0) pos(0)
fid(10): fd(0) fileName(NULL)
	mode(NULL)	hot(0) cool(0) pos(0)
fid(9): fd(0) fileName(NULL)
	mode(NULL)	hot(0) cool(0) pos(0)
fid(8): fd(0) fileName(NULL)
	mode(NULL)	hot(0) cool(0) pos(0)
fid(7): fd(0) fileName(NULL)
	mode(NULL)	hot(0) cool(0) pos(0)
fid(6): fd(0) fileName(NULL)
	mode(NULL)	hot(0) cool(0) pos(0)
fid(5): fd(0) fileName(NULL)
	mode(NULL)	hot(0) cool(0) pos(0)
fid(4): fd(0) fileName(NULL)
	mode(NULL)	hot(0) cool(0) pos(0)
fid(3): fd(0) fileName(NULL)
	mode(NULL)	hot(0) cool(0) pos(0)
fid(2): fd(0) fileName(NULL)
	mode(NULL)	hot(0) cool(0) pos(0)
fid(1): fd(0) fileName(NULL)
	mode(NULL)	hot(0) cool(0) pos(0)
fid(0): fd(0) fileName(NULL)
	mode(NULL)	hot(0) cool(0) pos(0)
Swap system is reset at (Fri Apr 21 12:12:58 2023
)
version: (200506)

available memory: 64M bytes
used memory: 2M bytes [need 224K bytes if disable swap]

used block: 59 [memory(59) file(0)]
                 [ 8K(49) 64K(10) { total 2M bytes } ]
overhead: (9555) bytes for (59) blocks [Average: (161) bytes/block]

write  => 0(times) 0K(bytes) [0K bytes to file]
read   => 10(times) 418K(bytes) [63K bytes compressed data from file]
access => 7656314(times) 59910M(bytes)
          [hit ratio: 99.9999%]

time: write(0) read(0)  unit: second

swap file directory: (/users/m1053011/Desktop/verilog_sim/ic_contest/2018_grad_cell/verilog/run_sim/verdiLog)
used swap file number: (16)



swap file manager:
arrSize: (256)
idxCnt: (18)
closeHead: (16)
closeTail: (17)
openCnt: (1)
fid(17): fd(27) fileName(/users/m1053011/Desktop/verilog_sim/ic_contest/2018_grad_cell/verilog/run_sim/verdiLog/_swap_0001#-1463754408#5638)
	size(0) lastModTime(0) curModTime(1682050378)
	mode(w+b)	hot(0) cool(16) pos(0)
fid(16): fd(0) fileName(NULL)
	mode(rb)	hot(17) cool(0) pos(0)
fid(15): fd(0) fileName(NULL)
	mode(NULL)	hot(0) cool(0) pos(0)
fid(14): fd(0) fileName(NULL)
	mode(NULL)	hot(0) cool(0) pos(0)
fid(13): fd(0) fileName(NULL)
	mode(NULL)	hot(0) cool(0) pos(0)
fid(12): fd(0) fileName(NULL)
	mode(NULL)	hot(0) cool(0) pos(0)
fid(11): fd(0) fileName(NULL)
	mode(NULL)	hot(0) cool(0) pos(0)
fid(10): fd(0) fileName(NULL)
	mode(NULL)	hot(0) cool(0) pos(0)
fid(9): fd(0) fileName(NULL)
	mode(NULL)	hot(0) cool(0) pos(0)
fid(8): fd(0) fileName(NULL)
	mode(NULL)	hot(0) cool(0) pos(0)
fid(7): fd(0) fileName(NULL)
	mode(NULL)	hot(0) cool(0) pos(0)
fid(6): fd(0) fileName(NULL)
	mode(NULL)	hot(0) cool(0) pos(0)
fid(5): fd(0) fileName(NULL)
	mode(NULL)	hot(0) cool(0) pos(0)
fid(4): fd(0) fileName(NULL)
	mode(NULL)	hot(0) cool(0) pos(0)
fid(3): fd(0) fileName(NULL)
	mode(NULL)	hot(0) cool(0) pos(0)
fid(2): fd(0) fileName(NULL)
	mode(NULL)	hot(0) cool(0) pos(0)
fid(1): fd(0) fileName(NULL)
	mode(NULL)	hot(0) cool(0) pos(0)
fid(0): fd(0) fileName(NULL)
	mode(NULL)	hot(0) cool(0) pos(0)
Swap system is reset at (Fri Apr 21 12:22:01 2023
)
version: (200506)

available memory: 64M bytes
used memory: 2M bytes [need 224K bytes if disable swap]

used block: 70 [memory(70) file(0)]
                 [ 8K(58) 64K(12) { total 2M bytes } ]
overhead: (9555) bytes for (70) blocks [Average: (136) bytes/block]

write  => 0(times) 0K(bytes) [0K bytes to file]
read   => 12(times) 482K(bytes) [72K bytes compressed data from file]
access => 8867721(times) 69390M(bytes)
          [hit ratio: 99.9999%]

time: write(0) read(0)  unit: second

swap file directory: (/users/m1053011/Desktop/verilog_sim/ic_contest/2018_grad_cell/verilog/run_sim/verdiLog)
used swap file number: (18)



swap file manager:
arrSize: (256)
idxCnt: (20)
closeHead: (18)
closeTail: (19)
openCnt: (1)
fid(19): fd(27) fileName(/users/m1053011/Desktop/verilog_sim/ic_contest/2018_grad_cell/verilog/run_sim/verdiLog/_swap_0001#-1463754408#5638)
	size(0) lastModTime(0) curModTime(1682050921)
	mode(w+b)	hot(0) cool(18) pos(0)
fid(18): fd(0) fileName(NULL)
	mode(rb)	hot(19) cool(0) pos(0)
fid(17): fd(0) fileName(NULL)
	mode(NULL)	hot(0) cool(0) pos(0)
fid(16): fd(0) fileName(NULL)
	mode(NULL)	hot(0) cool(0) pos(0)
fid(15): fd(0) fileName(NULL)
	mode(NULL)	hot(0) cool(0) pos(0)
fid(14): fd(0) fileName(NULL)
	mode(NULL)	hot(0) cool(0) pos(0)
fid(13): fd(0) fileName(NULL)
	mode(NULL)	hot(0) cool(0) pos(0)
fid(12): fd(0) fileName(NULL)
	mode(NULL)	hot(0) cool(0) pos(0)
fid(11): fd(0) fileName(NULL)
	mode(NULL)	hot(0) cool(0) pos(0)
fid(10): fd(0) fileName(NULL)
	mode(NULL)	hot(0) cool(0) pos(0)
fid(9): fd(0) fileName(NULL)
	mode(NULL)	hot(0) cool(0) pos(0)
fid(8): fd(0) fileName(NULL)
	mode(NULL)	hot(0) cool(0) pos(0)
fid(7): fd(0) fileName(NULL)
	mode(NULL)	hot(0) cool(0) pos(0)
fid(6): fd(0) fileName(NULL)
	mode(NULL)	hot(0) cool(0) pos(0)
fid(5): fd(0) fileName(NULL)
	mode(NULL)	hot(0) cool(0) pos(0)
fid(4): fd(0) fileName(NULL)
	mode(NULL)	hot(0) cool(0) pos(0)
fid(3): fd(0) fileName(NULL)
	mode(NULL)	hot(0) cool(0) pos(0)
fid(2): fd(0) fileName(NULL)
	mode(NULL)	hot(0) cool(0) pos(0)
fid(1): fd(0) fileName(NULL)
	mode(NULL)	hot(0) cool(0) pos(0)
fid(0): fd(0) fileName(NULL)
	mode(NULL)	hot(0) cool(0) pos(0)
Swap system is reset at (Fri Apr 21 12:30:11 2023
)
version: (200506)

available memory: 64M bytes
used memory: 2M bytes [need 224K bytes if disable swap]

used block: 84 [memory(84) file(0)]
                 [ 8K(70) 64K(14) { total 2M bytes } ]
overhead: (9555) bytes for (84) blocks [Average: (113) bytes/block]

write  => 0(times) 0K(bytes) [0K bytes to file]
read   => 14(times) 546K(bytes) [82K bytes compressed data from file]
access => 11125934(times) 87055M(bytes)
          [hit ratio: 99.9999%]

time: write(0) read(0)  unit: second

swap file directory: (/users/m1053011/Desktop/verilog_sim/ic_contest/2018_grad_cell/verilog/run_sim/verdiLog)
used swap file number: (20)



swap file manager:
arrSize: (256)
idxCnt: (22)
closeHead: (20)
closeTail: (21)
openCnt: (1)
fid(21): fd(27) fileName(/users/m1053011/Desktop/verilog_sim/ic_contest/2018_grad_cell/verilog/run_sim/verdiLog/_swap_0001#-1463754408#5638)
	size(0) lastModTime(0) curModTime(1682051411)
	mode(w+b)	hot(0) cool(20) pos(0)
fid(20): fd(0) fileName(NULL)
	mode(rb)	hot(21) cool(0) pos(0)
fid(19): fd(0) fileName(NULL)
	mode(NULL)	hot(0) cool(0) pos(0)
fid(18): fd(0) fileName(NULL)
	mode(NULL)	hot(0) cool(0) pos(0)
fid(17): fd(0) fileName(NULL)
	mode(NULL)	hot(0) cool(0) pos(0)
fid(16): fd(0) fileName(NULL)
	mode(NULL)	hot(0) cool(0) pos(0)
fid(15): fd(0) fileName(NULL)
	mode(NULL)	hot(0) cool(0) pos(0)
fid(14): fd(0) fileName(NULL)
	mode(NULL)	hot(0) cool(0) pos(0)
fid(13): fd(0) fileName(NULL)
	mode(NULL)	hot(0) cool(0) pos(0)
fid(12): fd(0) fileName(NULL)
	mode(NULL)	hot(0) cool(0) pos(0)
fid(11): fd(0) fileName(NULL)
	mode(NULL)	hot(0) cool(0) pos(0)
fid(10): fd(0) fileName(NULL)
	mode(NULL)	hot(0) cool(0) pos(0)
fid(9): fd(0) fileName(NULL)
	mode(NULL)	hot(0) cool(0) pos(0)
fid(8): fd(0) fileName(NULL)
	mode(NULL)	hot(0) cool(0) pos(0)
fid(7): fd(0) fileName(NULL)
	mode(NULL)	hot(0) cool(0) pos(0)
fid(6): fd(0) fileName(NULL)
	mode(NULL)	hot(0) cool(0) pos(0)
fid(5): fd(0) fileName(NULL)
	mode(NULL)	hot(0) cool(0) pos(0)
fid(4): fd(0) fileName(NULL)
	mode(NULL)	hot(0) cool(0) pos(0)
fid(3): fd(0) fileName(NULL)
	mode(NULL)	hot(0) cool(0) pos(0)
fid(2): fd(0) fileName(NULL)
	mode(NULL)	hot(0) cool(0) pos(0)
fid(1): fd(0) fileName(NULL)
	mode(NULL)	hot(0) cool(0) pos(0)
fid(0): fd(0) fileName(NULL)
	mode(NULL)	hot(0) cool(0) pos(0)
Swap system is reset at (Fri Apr 21 22:18:23 2023
)
version: (200506)

available memory: 64M bytes
used memory: 2M bytes [need 224K bytes if disable swap]

used block: 96 [memory(96) file(0)]
                 [ 8K(81) 64K(15) { total 2M bytes } ]
overhead: (9555) bytes for (96) blocks [Average: (99) bytes/block]

write  => 0(times) 0K(bytes) [0K bytes to file]
read   => 15(times) 609K(bytes) [91K bytes compressed data from file]
access => 11533471(times) 90259M(bytes)
          [hit ratio: 99.9999%]

time: write(0) read(0)  unit: second

swap file directory: (/users/m1053011/Desktop/verilog_sim/ic_contest/2018_grad_cell/verilog/run_sim/verdiLog)
used swap file number: (22)



swap file manager:
arrSize: (256)
idxCnt: (24)
closeHead: (22)
closeTail: (23)
openCnt: (1)
fid(23): fd(28) fileName(/users/m1053011/Desktop/verilog_sim/ic_contest/2018_grad_cell/verilog/run_sim/verdiLog/_swap_0001#-1463754408#5638)
	size(0) lastModTime(0) curModTime(1682086703)
	mode(w+b)	hot(0) cool(22) pos(0)
fid(22): fd(0) fileName(NULL)
	mode(rb)	hot(23) cool(0) pos(0)
fid(21): fd(0) fileName(NULL)
	mode(NULL)	hot(0) cool(0) pos(0)
fid(20): fd(0) fileName(NULL)
	mode(NULL)	hot(0) cool(0) pos(0)
fid(19): fd(0) fileName(NULL)
	mode(NULL)	hot(0) cool(0) pos(0)
fid(18): fd(0) fileName(NULL)
	mode(NULL)	hot(0) cool(0) pos(0)
fid(17): fd(0) fileName(NULL)
	mode(NULL)	hot(0) cool(0) pos(0)
fid(16): fd(0) fileName(NULL)
	mode(NULL)	hot(0) cool(0) pos(0)
fid(15): fd(0) fileName(NULL)
	mode(NULL)	hot(0) cool(0) pos(0)
fid(14): fd(0) fileName(NULL)
	mode(NULL)	hot(0) cool(0) pos(0)
fid(13): fd(0) fileName(NULL)
	mode(NULL)	hot(0) cool(0) pos(0)
fid(12): fd(0) fileName(NULL)
	mode(NULL)	hot(0) cool(0) pos(0)
fid(11): fd(0) fileName(NULL)
	mode(NULL)	hot(0) cool(0) pos(0)
fid(10): fd(0) fileName(NULL)
	mode(NULL)	hot(0) cool(0) pos(0)
fid(9): fd(0) fileName(NULL)
	mode(NULL)	hot(0) cool(0) pos(0)
fid(8): fd(0) fileName(NULL)
	mode(NULL)	hot(0) cool(0) pos(0)
fid(7): fd(0) fileName(NULL)
	mode(NULL)	hot(0) cool(0) pos(0)
fid(6): fd(0) fileName(NULL)
	mode(NULL)	hot(0) cool(0) pos(0)
fid(5): fd(0) fileName(NULL)
	mode(NULL)	hot(0) cool(0) pos(0)
fid(4): fd(0) fileName(NULL)
	mode(NULL)	hot(0) cool(0) pos(0)
fid(3): fd(0) fileName(NULL)
	mode(NULL)	hot(0) cool(0) pos(0)
fid(2): fd(0) fileName(NULL)
	mode(NULL)	hot(0) cool(0) pos(0)
fid(1): fd(0) fileName(NULL)
	mode(NULL)	hot(0) cool(0) pos(0)
fid(0): fd(0) fileName(NULL)
	mode(NULL)	hot(0) cool(0) pos(0)
Swap system is reset at (Fri Apr 21 22:28:04 2023
)
version: (200506)

available memory: 64M bytes
used memory: 2M bytes [need 224K bytes if disable swap]

used block: 108 [memory(108) file(0)]
                 [ 8K(92) 64K(16) { total 2M bytes } ]
overhead: (9555) bytes for (108) blocks [Average: (88) bytes/block]

write  => 0(times) 0K(bytes) [0K bytes to file]
read   => 16(times) 672K(bytes) [100K bytes compressed data from file]
access => 11783079(times) 92230M(bytes)
          [hit ratio: 99.9999%]

time: write(0) read(0)  unit: second

swap file directory: (/users/m1053011/Desktop/verilog_sim/ic_contest/2018_grad_cell/verilog/run_sim/verdiLog)
used swap file number: (24)



swap file manager:
arrSize: (256)
idxCnt: (26)
closeHead: (24)
closeTail: (25)
openCnt: (1)
fid(25): fd(27) fileName(/users/m1053011/Desktop/verilog_sim/ic_contest/2018_grad_cell/verilog/run_sim/verdiLog/_swap_0001#-1463754408#5638)
	size(0) lastModTime(0) curModTime(1682087284)
	mode(w+b)	hot(0) cool(24) pos(0)
fid(24): fd(0) fileName(NULL)
	mode(rb)	hot(25) cool(0) pos(0)
fid(23): fd(0) fileName(NULL)
	mode(NULL)	hot(0) cool(0) pos(0)
fid(22): fd(0) fileName(NULL)
	mode(NULL)	hot(0) cool(0) pos(0)
fid(21): fd(0) fileName(NULL)
	mode(NULL)	hot(0) cool(0) pos(0)
fid(20): fd(0) fileName(NULL)
	mode(NULL)	hot(0) cool(0) pos(0)
fid(19): fd(0) fileName(NULL)
	mode(NULL)	hot(0) cool(0) pos(0)
fid(18): fd(0) fileName(NULL)
	mode(NULL)	hot(0) cool(0) pos(0)
fid(17): fd(0) fileName(NULL)
	mode(NULL)	hot(0) cool(0) pos(0)
fid(16): fd(0) fileName(NULL)
	mode(NULL)	hot(0) cool(0) pos(0)
fid(15): fd(0) fileName(NULL)
	mode(NULL)	hot(0) cool(0) pos(0)
fid(14): fd(0) fileName(NULL)
	mode(NULL)	hot(0) cool(0) pos(0)
fid(13): fd(0) fileName(NULL)
	mode(NULL)	hot(0) cool(0) pos(0)
fid(12): fd(0) fileName(NULL)
	mode(NULL)	hot(0) cool(0) pos(0)
fid(11): fd(0) fileName(NULL)
	mode(NULL)	hot(0) cool(0) pos(0)
fid(10): fd(0) fileName(NULL)
	mode(NULL)	hot(0) cool(0) pos(0)
fid(9): fd(0) fileName(NULL)
	mode(NULL)	hot(0) cool(0) pos(0)
fid(8): fd(0) fileName(NULL)
	mode(NULL)	hot(0) cool(0) pos(0)
fid(7): fd(0) fileName(NULL)
	mode(NULL)	hot(0) cool(0) pos(0)
fid(6): fd(0) fileName(NULL)
	mode(NULL)	hot(0) cool(0) pos(0)
fid(5): fd(0) fileName(NULL)
	mode(NULL)	hot(0) cool(0) pos(0)
fid(4): fd(0) fileName(NULL)
	mode(NULL)	hot(0) cool(0) pos(0)
fid(3): fd(0) fileName(NULL)
	mode(NULL)	hot(0) cool(0) pos(0)
fid(2): fd(0) fileName(NULL)
	mode(NULL)	hot(0) cool(0) pos(0)
fid(1): fd(0) fileName(NULL)
	mode(NULL)	hot(0) cool(0) pos(0)
fid(0): fd(0) fileName(NULL)
	mode(NULL)	hot(0) cool(0) pos(0)
Swap system is reset at (Fri Apr 21 22:31:30 2023
)
version: (200506)

available memory: 64M bytes
used memory: 2M bytes [need 224K bytes if disable swap]

used block: 120 [memory(120) file(0)]
                 [ 8K(103) 64K(17) { total 2M bytes } ]
overhead: (9555) bytes for (120) blocks [Average: (79) bytes/block]

write  => 0(times) 0K(bytes) [0K bytes to file]
read   => 17(times) 735K(bytes) [110K bytes compressed data from file]
access => 11988093(times) 93853M(bytes)
          [hit ratio: 99.9999%]

time: write(0) read(0)  unit: second

swap file directory: (/users/m1053011/Desktop/verilog_sim/ic_contest/2018_grad_cell/verilog/run_sim/verdiLog)
used swap file number: (26)



swap file manager:
arrSize: (256)
idxCnt: (28)
closeHead: (26)
closeTail: (27)
openCnt: (1)
fid(27): fd(27) fileName(/users/m1053011/Desktop/verilog_sim/ic_contest/2018_grad_cell/verilog/run_sim/verdiLog/_swap_0001#-1463754408#5638)
	size(0) lastModTime(0) curModTime(1682087490)
	mode(w+b)	hot(0) cool(26) pos(0)
fid(26): fd(0) fileName(NULL)
	mode(rb)	hot(27) cool(0) pos(0)
fid(25): fd(0) fileName(NULL)
	mode(NULL)	hot(0) cool(0) pos(0)
fid(24): fd(0) fileName(NULL)
	mode(NULL)	hot(0) cool(0) pos(0)
fid(23): fd(0) fileName(NULL)
	mode(NULL)	hot(0) cool(0) pos(0)
fid(22): fd(0) fileName(NULL)
	mode(NULL)	hot(0) cool(0) pos(0)
fid(21): fd(0) fileName(NULL)
	mode(NULL)	hot(0) cool(0) pos(0)
fid(20): fd(0) fileName(NULL)
	mode(NULL)	hot(0) cool(0) pos(0)
fid(19): fd(0) fileName(NULL)
	mode(NULL)	hot(0) cool(0) pos(0)
fid(18): fd(0) fileName(NULL)
	mode(NULL)	hot(0) cool(0) pos(0)
fid(17): fd(0) fileName(NULL)
	mode(NULL)	hot(0) cool(0) pos(0)
fid(16): fd(0) fileName(NULL)
	mode(NULL)	hot(0) cool(0) pos(0)
fid(15): fd(0) fileName(NULL)
	mode(NULL)	hot(0) cool(0) pos(0)
fid(14): fd(0) fileName(NULL)
	mode(NULL)	hot(0) cool(0) pos(0)
fid(13): fd(0) fileName(NULL)
	mode(NULL)	hot(0) cool(0) pos(0)
fid(12): fd(0) fileName(NULL)
	mode(NULL)	hot(0) cool(0) pos(0)
fid(11): fd(0) fileName(NULL)
	mode(NULL)	hot(0) cool(0) pos(0)
fid(10): fd(0) fileName(NULL)
	mode(NULL)	hot(0) cool(0) pos(0)
fid(9): fd(0) fileName(NULL)
	mode(NULL)	hot(0) cool(0) pos(0)
fid(8): fd(0) fileName(NULL)
	mode(NULL)	hot(0) cool(0) pos(0)
fid(7): fd(0) fileName(NULL)
	mode(NULL)	hot(0) cool(0) pos(0)
fid(6): fd(0) fileName(NULL)
	mode(NULL)	hot(0) cool(0) pos(0)
fid(5): fd(0) fileName(NULL)
	mode(NULL)	hot(0) cool(0) pos(0)
fid(4): fd(0) fileName(NULL)
	mode(NULL)	hot(0) cool(0) pos(0)
fid(3): fd(0) fileName(NULL)
	mode(NULL)	hot(0) cool(0) pos(0)
fid(2): fd(0) fileName(NULL)
	mode(NULL)	hot(0) cool(0) pos(0)
fid(1): fd(0) fileName(NULL)
	mode(NULL)	hot(0) cool(0) pos(0)
fid(0): fd(0) fileName(NULL)
	mode(NULL)	hot(0) cool(0) pos(0)
Swap system is reset at (Sat Apr 22 10:10:23 2023
)
version: (200506)

available memory: 64M bytes
used memory: 3M bytes [need 224K bytes if disable swap]

used block: 132 [memory(132) file(0)]
                 [ 8K(114) 64K(18) { total 3M bytes } ]
overhead: (9555) bytes for (132) blocks [Average: (72) bytes/block]

write  => 0(times) 0K(bytes) [0K bytes to file]
read   => 18(times) 798K(bytes) [119K bytes compressed data from file]
access => 12102653(times) 94768M(bytes)
          [hit ratio: 99.9999%]

time: write(0) read(0)  unit: second

swap file directory: (/users/m1053011/Desktop/verilog_sim/ic_contest/2018_grad_cell/verilog/run_sim/verdiLog)
used swap file number: (28)



swap file manager:
arrSize: (256)
idxCnt: (30)
closeHead: (28)
closeTail: (29)
openCnt: (1)
fid(29): fd(27) fileName(/users/m1053011/Desktop/verilog_sim/ic_contest/2018_grad_cell/verilog/run_sim/verdiLog/_swap_0001#-1463754408#5638)
	size(0) lastModTime(0) curModTime(1682129423)
	mode(w+b)	hot(0) cool(28) pos(0)
fid(28): fd(0) fileName(NULL)
	mode(rb)	hot(29) cool(0) pos(0)
fid(27): fd(0) fileName(NULL)
	mode(NULL)	hot(0) cool(0) pos(0)
fid(26): fd(0) fileName(NULL)
	mode(NULL)	hot(0) cool(0) pos(0)
fid(25): fd(0) fileName(NULL)
	mode(NULL)	hot(0) cool(0) pos(0)
fid(24): fd(0) fileName(NULL)
	mode(NULL)	hot(0) cool(0) pos(0)
fid(23): fd(0) fileName(NULL)
	mode(NULL)	hot(0) cool(0) pos(0)
fid(22): fd(0) fileName(NULL)
	mode(NULL)	hot(0) cool(0) pos(0)
fid(21): fd(0) fileName(NULL)
	mode(NULL)	hot(0) cool(0) pos(0)
fid(20): fd(0) fileName(NULL)
	mode(NULL)	hot(0) cool(0) pos(0)
fid(19): fd(0) fileName(NULL)
	mode(NULL)	hot(0) cool(0) pos(0)
fid(18): fd(0) fileName(NULL)
	mode(NULL)	hot(0) cool(0) pos(0)
fid(17): fd(0) fileName(NULL)
	mode(NULL)	hot(0) cool(0) pos(0)
fid(16): fd(0) fileName(NULL)
	mode(NULL)	hot(0) cool(0) pos(0)
fid(15): fd(0) fileName(NULL)
	mode(NULL)	hot(0) cool(0) pos(0)
fid(14): fd(0) fileName(NULL)
	mode(NULL)	hot(0) cool(0) pos(0)
fid(13): fd(0) fileName(NULL)
	mode(NULL)	hot(0) cool(0) pos(0)
fid(12): fd(0) fileName(NULL)
	mode(NULL)	hot(0) cool(0) pos(0)
fid(11): fd(0) fileName(NULL)
	mode(NULL)	hot(0) cool(0) pos(0)
fid(10): fd(0) fileName(NULL)
	mode(NULL)	hot(0) cool(0) pos(0)
fid(9): fd(0) fileName(NULL)
	mode(NULL)	hot(0) cool(0) pos(0)
fid(8): fd(0) fileName(NULL)
	mode(NULL)	hot(0) cool(0) pos(0)
fid(7): fd(0) fileName(NULL)
	mode(NULL)	hot(0) cool(0) pos(0)
fid(6): fd(0) fileName(NULL)
	mode(NULL)	hot(0) cool(0) pos(0)
fid(5): fd(0) fileName(NULL)
	mode(NULL)	hot(0) cool(0) pos(0)
fid(4): fd(0) fileName(NULL)
	mode(NULL)	hot(0) cool(0) pos(0)
fid(3): fd(0) fileName(NULL)
	mode(NULL)	hot(0) cool(0) pos(0)
fid(2): fd(0) fileName(NULL)
	mode(NULL)	hot(0) cool(0) pos(0)
fid(1): fd(0) fileName(NULL)
	mode(NULL)	hot(0) cool(0) pos(0)
fid(0): fd(0) fileName(NULL)
	mode(NULL)	hot(0) cool(0) pos(0)
Swap system is reset at (Sat Apr 22 10:23:03 2023
)
version: (200506)

available memory: 64M bytes
used memory: 3M bytes [need 224K bytes if disable swap]

used block: 144 [memory(144) file(0)]
                 [ 8K(125) 64K(19) { total 3M bytes } ]
overhead: (9555) bytes for (144) blocks [Average: (66) bytes/block]

write  => 0(times) 0K(bytes) [0K bytes to file]
read   => 19(times) 861K(bytes) [128K bytes compressed data from file]
access => 12156081(times) 95206M(bytes)
          [hit ratio: 99.9998%]

time: write(0) read(0)  unit: second

swap file directory: (/users/m1053011/Desktop/verilog_sim/ic_contest/2018_grad_cell/verilog/run_sim/verdiLog)
used swap file number: (30)



swap file manager:
arrSize: (256)
idxCnt: (32)
closeHead: (30)
closeTail: (31)
openCnt: (1)
fid(31): fd(27) fileName(/users/m1053011/Desktop/verilog_sim/ic_contest/2018_grad_cell/verilog/run_sim/verdiLog/_swap_0001#-1463754408#5638)
	size(0) lastModTime(0) curModTime(1682130183)
	mode(w+b)	hot(0) cool(30) pos(0)
fid(30): fd(0) fileName(NULL)
	mode(rb)	hot(31) cool(0) pos(0)
fid(29): fd(0) fileName(NULL)
	mode(NULL)	hot(0) cool(0) pos(0)
fid(28): fd(0) fileName(NULL)
	mode(NULL)	hot(0) cool(0) pos(0)
fid(27): fd(0) fileName(NULL)
	mode(NULL)	hot(0) cool(0) pos(0)
fid(26): fd(0) fileName(NULL)
	mode(NULL)	hot(0) cool(0) pos(0)
fid(25): fd(0) fileName(NULL)
	mode(NULL)	hot(0) cool(0) pos(0)
fid(24): fd(0) fileName(NULL)
	mode(NULL)	hot(0) cool(0) pos(0)
fid(23): fd(0) fileName(NULL)
	mode(NULL)	hot(0) cool(0) pos(0)
fid(22): fd(0) fileName(NULL)
	mode(NULL)	hot(0) cool(0) pos(0)
fid(21): fd(0) fileName(NULL)
	mode(NULL)	hot(0) cool(0) pos(0)
fid(20): fd(0) fileName(NULL)
	mode(NULL)	hot(0) cool(0) pos(0)
fid(19): fd(0) fileName(NULL)
	mode(NULL)	hot(0) cool(0) pos(0)
fid(18): fd(0) fileName(NULL)
	mode(NULL)	hot(0) cool(0) pos(0)
fid(17): fd(0) fileName(NULL)
	mode(NULL)	hot(0) cool(0) pos(0)
fid(16): fd(0) fileName(NULL)
	mode(NULL)	hot(0) cool(0) pos(0)
fid(15): fd(0) fileName(NULL)
	mode(NULL)	hot(0) cool(0) pos(0)
fid(14): fd(0) fileName(NULL)
	mode(NULL)	hot(0) cool(0) pos(0)
fid(13): fd(0) fileName(NULL)
	mode(NULL)	hot(0) cool(0) pos(0)
fid(12): fd(0) fileName(NULL)
	mode(NULL)	hot(0) cool(0) pos(0)
fid(11): fd(0) fileName(NULL)
	mode(NULL)	hot(0) cool(0) pos(0)
fid(10): fd(0) fileName(NULL)
	mode(NULL)	hot(0) cool(0) pos(0)
fid(9): fd(0) fileName(NULL)
	mode(NULL)	hot(0) cool(0) pos(0)
fid(8): fd(0) fileName(NULL)
	mode(NULL)	hot(0) cool(0) pos(0)
fid(7): fd(0) fileName(NULL)
	mode(NULL)	hot(0) cool(0) pos(0)
fid(6): fd(0) fileName(NULL)
	mode(NULL)	hot(0) cool(0) pos(0)
fid(5): fd(0) fileName(NULL)
	mode(NULL)	hot(0) cool(0) pos(0)
fid(4): fd(0) fileName(NULL)
	mode(NULL)	hot(0) cool(0) pos(0)
fid(3): fd(0) fileName(NULL)
	mode(NULL)	hot(0) cool(0) pos(0)
fid(2): fd(0) fileName(NULL)
	mode(NULL)	hot(0) cool(0) pos(0)
fid(1): fd(0) fileName(NULL)
	mode(NULL)	hot(0) cool(0) pos(0)
fid(0): fd(0) fileName(NULL)
	mode(NULL)	hot(0) cool(0) pos(0)
Swap system is reset at (Sat Apr 22 10:23:06 2023
)
version: (200506)

available memory: 64M bytes
used memory: 3M bytes [need 224K bytes if disable swap]

used block: 158 [memory(158) file(0)]
                 [ 8K(137) 64K(21) { total 3M bytes } ]
overhead: (9555) bytes for (158) blocks [Average: (60) bytes/block]

write  => 0(times) 0K(bytes) [0K bytes to file]
read   => 21(times) 926K(bytes) [138K bytes compressed data from file]
access => 12927869(times) 101260M(bytes)
          [hit ratio: 99.9998%]

time: write(0) read(0)  unit: second

swap file directory: (/users/m1053011/Desktop/verilog_sim/ic_contest/2018_grad_cell/verilog/run_sim/verdiLog)
used swap file number: (32)



swap file manager:
arrSize: (256)
idxCnt: (34)
closeHead: (32)
closeTail: (33)
openCnt: (1)
fid(33): fd(27) fileName(/users/m1053011/Desktop/verilog_sim/ic_contest/2018_grad_cell/verilog/run_sim/verdiLog/_swap_0001#-1463754408#5638)
	size(0) lastModTime(0) curModTime(1682130186)
	mode(w+b)	hot(0) cool(32) pos(0)
fid(32): fd(0) fileName(NULL)
	mode(rb)	hot(33) cool(0) pos(0)
fid(31): fd(0) fileName(NULL)
	mode(NULL)	hot(0) cool(0) pos(0)
fid(30): fd(0) fileName(NULL)
	mode(NULL)	hot(0) cool(0) pos(0)
fid(29): fd(0) fileName(NULL)
	mode(NULL)	hot(0) cool(0) pos(0)
fid(28): fd(0) fileName(NULL)
	mode(NULL)	hot(0) cool(0) pos(0)
fid(27): fd(0) fileName(NULL)
	mode(NULL)	hot(0) cool(0) pos(0)
fid(26): fd(0) fileName(NULL)
	mode(NULL)	hot(0) cool(0) pos(0)
fid(25): fd(0) fileName(NULL)
	mode(NULL)	hot(0) cool(0) pos(0)
fid(24): fd(0) fileName(NULL)
	mode(NULL)	hot(0) cool(0) pos(0)
fid(23): fd(0) fileName(NULL)
	mode(NULL)	hot(0) cool(0) pos(0)
fid(22): fd(0) fileName(NULL)
	mode(NULL)	hot(0) cool(0) pos(0)
fid(21): fd(0) fileName(NULL)
	mode(NULL)	hot(0) cool(0) pos(0)
fid(20): fd(0) fileName(NULL)
	mode(NULL)	hot(0) cool(0) pos(0)
fid(19): fd(0) fileName(NULL)
	mode(NULL)	hot(0) cool(0) pos(0)
fid(18): fd(0) fileName(NULL)
	mode(NULL)	hot(0) cool(0) pos(0)
fid(17): fd(0) fileName(NULL)
	mode(NULL)	hot(0) cool(0) pos(0)
fid(16): fd(0) fileName(NULL)
	mode(NULL)	hot(0) cool(0) pos(0)
fid(15): fd(0) fileName(NULL)
	mode(NULL)	hot(0) cool(0) pos(0)
fid(14): fd(0) fileName(NULL)
	mode(NULL)	hot(0) cool(0) pos(0)
fid(13): fd(0) fileName(NULL)
	mode(NULL)	hot(0) cool(0) pos(0)
fid(12): fd(0) fileName(NULL)
	mode(NULL)	hot(0) cool(0) pos(0)
fid(11): fd(0) fileName(NULL)
	mode(NULL)	hot(0) cool(0) pos(0)
fid(10): fd(0) fileName(NULL)
	mode(NULL)	hot(0) cool(0) pos(0)
fid(9): fd(0) fileName(NULL)
	mode(NULL)	hot(0) cool(0) pos(0)
fid(8): fd(0) fileName(NULL)
	mode(NULL)	hot(0) cool(0) pos(0)
fid(7): fd(0) fileName(NULL)
	mode(NULL)	hot(0) cool(0) pos(0)
fid(6): fd(0) fileName(NULL)
	mode(NULL)	hot(0) cool(0) pos(0)
fid(5): fd(0) fileName(NULL)
	mode(NULL)	hot(0) cool(0) pos(0)
fid(4): fd(0) fileName(NULL)
	mode(NULL)	hot(0) cool(0) pos(0)
fid(3): fd(0) fileName(NULL)
	mode(NULL)	hot(0) cool(0) pos(0)
fid(2): fd(0) fileName(NULL)
	mode(NULL)	hot(0) cool(0) pos(0)
fid(1): fd(0) fileName(NULL)
	mode(NULL)	hot(0) cool(0) pos(0)
fid(0): fd(0) fileName(NULL)
	mode(NULL)	hot(0) cool(0) pos(0)
Swap system is reset at (Thu Apr 27 00:42:02 2023
)
version: (200506)

available memory: 64M bytes
used memory: 3M bytes [need 240K bytes if disable swap]

used block: 174 [memory(174) file(0)]
                 [ 8K(151) 64K(23) { total 3M bytes } ]
overhead: (9555) bytes for (174) blocks [Average: (54) bytes/block]

write  => 0(times) 0K(bytes) [0K bytes to file]
read   => 23(times) 996K(bytes) [148K bytes compressed data from file]
access => 13394869(times) 104933M(bytes)
          [hit ratio: 99.9998%]

time: write(0) read(0)  unit: second

swap file directory: (/users/m1053011/Desktop/verilog_sim/ic_contest/2018_grad_cell/verilog/run_sim/verdiLog)
used swap file number: (34)



swap file manager:
arrSize: (256)
idxCnt: (36)
closeHead: (34)
closeTail: (35)
openCnt: (1)
fid(35): fd(27) fileName(/users/m1053011/Desktop/verilog_sim/ic_contest/2018_grad_cell/verilog/run_sim/verdiLog/_swap_0001#-1463754408#5638)
	size(0) lastModTime(0) curModTime(1682527323)
	mode(w+b)	hot(0) cool(34) pos(0)
fid(34): fd(0) fileName(NULL)
	mode(rb)	hot(35) cool(0) pos(0)
fid(33): fd(0) fileName(NULL)
	mode(NULL)	hot(0) cool(0) pos(0)
fid(32): fd(0) fileName(NULL)
	mode(NULL)	hot(0) cool(0) pos(0)
fid(31): fd(0) fileName(NULL)
	mode(NULL)	hot(0) cool(0) pos(0)
fid(30): fd(0) fileName(NULL)
	mode(NULL)	hot(0) cool(0) pos(0)
fid(29): fd(0) fileName(NULL)
	mode(NULL)	hot(0) cool(0) pos(0)
fid(28): fd(0) fileName(NULL)
	mode(NULL)	hot(0) cool(0) pos(0)
fid(27): fd(0) fileName(NULL)
	mode(NULL)	hot(0) cool(0) pos(0)
fid(26): fd(0) fileName(NULL)
	mode(NULL)	hot(0) cool(0) pos(0)
fid(25): fd(0) fileName(NULL)
	mode(NULL)	hot(0) cool(0) pos(0)
fid(24): fd(0) fileName(NULL)
	mode(NULL)	hot(0) cool(0) pos(0)
fid(23): fd(0) fileName(NULL)
	mode(NULL)	hot(0) cool(0) pos(0)
fid(22): fd(0) fileName(NULL)
	mode(NULL)	hot(0) cool(0) pos(0)
fid(21): fd(0) fileName(NULL)
	mode(NULL)	hot(0) cool(0) pos(0)
fid(20): fd(0) fileName(NULL)
	mode(NULL)	hot(0) cool(0) pos(0)
fid(19): fd(0) fileName(NULL)
	mode(NULL)	hot(0) cool(0) pos(0)
fid(18): fd(0) fileName(NULL)
	mode(NULL)	hot(0) cool(0) pos(0)
fid(17): fd(0) fileName(NULL)
	mode(NULL)	hot(0) cool(0) pos(0)
fid(16): fd(0) fileName(NULL)
	mode(NULL)	hot(0) cool(0) pos(0)
fid(15): fd(0) fileName(NULL)
	mode(NULL)	hot(0) cool(0) pos(0)
fid(14): fd(0) fileName(NULL)
	mode(NULL)	hot(0) cool(0) pos(0)
fid(13): fd(0) fileName(NULL)
	mode(NULL)	hot(0) cool(0) pos(0)
fid(12): fd(0) fileName(NULL)
	mode(NULL)	hot(0) cool(0) pos(0)
fid(11): fd(0) fileName(NULL)
	mode(NULL)	hot(0) cool(0) pos(0)
fid(10): fd(0) fileName(NULL)
	mode(NULL)	hot(0) cool(0) pos(0)
fid(9): fd(0) fileName(NULL)
	mode(NULL)	hot(0) cool(0) pos(0)
fid(8): fd(0) fileName(NULL)
	mode(NULL)	hot(0) cool(0) pos(0)
fid(7): fd(0) fileName(NULL)
	mode(NULL)	hot(0) cool(0) pos(0)
fid(6): fd(0) fileName(NULL)
	mode(NULL)	hot(0) cool(0) pos(0)
fid(5): fd(0) fileName(NULL)
	mode(NULL)	hot(0) cool(0) pos(0)
fid(4): fd(0) fileName(NULL)
	mode(NULL)	hot(0) cool(0) pos(0)
fid(3): fd(0) fileName(NULL)
	mode(NULL)	hot(0) cool(0) pos(0)
fid(2): fd(0) fileName(NULL)
	mode(NULL)	hot(0) cool(0) pos(0)
fid(1): fd(0) fileName(NULL)
	mode(NULL)	hot(0) cool(0) pos(0)
fid(0): fd(0) fileName(NULL)
	mode(NULL)	hot(0) cool(0) pos(0)
Swap system is reset at (Thu Apr 27 00:49:44 2023
)
version: (200506)

available memory: 64M bytes
used memory: 3M bytes [need 240K bytes if disable swap]

used block: 187 [memory(187) file(0)]
                 [ 8K(163) 64K(24) { total 3M bytes } ]
overhead: (9555) bytes for (187) blocks [Average: (51) bytes/block]

write  => 0(times) 0K(bytes) [0K bytes to file]
read   => 24(times) 1M(bytes) [157K bytes compressed data from file]
access => 13469564(times) 105539M(bytes)
          [hit ratio: 99.9998%]

time: write(0) read(0)  unit: second

swap file directory: (/users/m1053011/Desktop/verilog_sim/ic_contest/2018_grad_cell/verilog/run_sim/verdiLog)
used swap file number: (36)



swap file manager:
arrSize: (256)
idxCnt: (38)
closeHead: (36)
closeTail: (37)
openCnt: (1)
fid(37): fd(27) fileName(/users/m1053011/Desktop/verilog_sim/ic_contest/2018_grad_cell/verilog/run_sim/verdiLog/_swap_0001#-1463754408#5638)
	size(0) lastModTime(0) curModTime(1682527784)
	mode(w+b)	hot(0) cool(36) pos(0)
fid(36): fd(0) fileName(NULL)
	mode(rb)	hot(37) cool(0) pos(0)
fid(35): fd(0) fileName(NULL)
	mode(NULL)	hot(0) cool(0) pos(0)
fid(34): fd(0) fileName(NULL)
	mode(NULL)	hot(0) cool(0) pos(0)
fid(33): fd(0) fileName(NULL)
	mode(NULL)	hot(0) cool(0) pos(0)
fid(32): fd(0) fileName(NULL)
	mode(NULL)	hot(0) cool(0) pos(0)
fid(31): fd(0) fileName(NULL)
	mode(NULL)	hot(0) cool(0) pos(0)
fid(30): fd(0) fileName(NULL)
	mode(NULL)	hot(0) cool(0) pos(0)
fid(29): fd(0) fileName(NULL)
	mode(NULL)	hot(0) cool(0) pos(0)
fid(28): fd(0) fileName(NULL)
	mode(NULL)	hot(0) cool(0) pos(0)
fid(27): fd(0) fileName(NULL)
	mode(NULL)	hot(0) cool(0) pos(0)
fid(26): fd(0) fileName(NULL)
	mode(NULL)	hot(0) cool(0) pos(0)
fid(25): fd(0) fileName(NULL)
	mode(NULL)	hot(0) cool(0) pos(0)
fid(24): fd(0) fileName(NULL)
	mode(NULL)	hot(0) cool(0) pos(0)
fid(23): fd(0) fileName(NULL)
	mode(NULL)	hot(0) cool(0) pos(0)
fid(22): fd(0) fileName(NULL)
	mode(NULL)	hot(0) cool(0) pos(0)
fid(21): fd(0) fileName(NULL)
	mode(NULL)	hot(0) cool(0) pos(0)
fid(20): fd(0) fileName(NULL)
	mode(NULL)	hot(0) cool(0) pos(0)
fid(19): fd(0) fileName(NULL)
	mode(NULL)	hot(0) cool(0) pos(0)
fid(18): fd(0) fileName(NULL)
	mode(NULL)	hot(0) cool(0) pos(0)
fid(17): fd(0) fileName(NULL)
	mode(NULL)	hot(0) cool(0) pos(0)
fid(16): fd(0) fileName(NULL)
	mode(NULL)	hot(0) cool(0) pos(0)
fid(15): fd(0) fileName(NULL)
	mode(NULL)	hot(0) cool(0) pos(0)
fid(14): fd(0) fileName(NULL)
	mode(NULL)	hot(0) cool(0) pos(0)
fid(13): fd(0) fileName(NULL)
	mode(NULL)	hot(0) cool(0) pos(0)
fid(12): fd(0) fileName(NULL)
	mode(NULL)	hot(0) cool(0) pos(0)
fid(11): fd(0) fileName(NULL)
	mode(NULL)	hot(0) cool(0) pos(0)
fid(10): fd(0) fileName(NULL)
	mode(NULL)	hot(0) cool(0) pos(0)
fid(9): fd(0) fileName(NULL)
	mode(NULL)	hot(0) cool(0) pos(0)
fid(8): fd(0) fileName(NULL)
	mode(NULL)	hot(0) cool(0) pos(0)
fid(7): fd(0) fileName(NULL)
	mode(NULL)	hot(0) cool(0) pos(0)
fid(6): fd(0) fileName(NULL)
	mode(NULL)	hot(0) cool(0) pos(0)
fid(5): fd(0) fileName(NULL)
	mode(NULL)	hot(0) cool(0) pos(0)
fid(4): fd(0) fileName(NULL)
	mode(NULL)	hot(0) cool(0) pos(0)
fid(3): fd(0) fileName(NULL)
	mode(NULL)	hot(0) cool(0) pos(0)
fid(2): fd(0) fileName(NULL)
	mode(NULL)	hot(0) cool(0) pos(0)
fid(1): fd(0) fileName(NULL)
	mode(NULL)	hot(0) cool(0) pos(0)
fid(0): fd(0) fileName(NULL)
	mode(NULL)	hot(0) cool(0) pos(0)
Swap system is reset at (Thu Apr 27 01:06:39 2023
)
version: (200506)

available memory: 64M bytes
used memory: 3M bytes [need 240K bytes if disable swap]

used block: 202 [memory(202) file(0)]
                 [ 8K(176) 64K(26) { total 3M bytes } ]
overhead: (9555) bytes for (202) blocks [Average: (47) bytes/block]

write  => 0(times) 0K(bytes) [0K bytes to file]
read   => 26(times) 1M(bytes) [168K bytes compressed data from file]
access => 13652692(times) 106993M(bytes)
          [hit ratio: 99.9998%]

time: write(0) read(0)  unit: second

swap file directory: (/users/m1053011/Desktop/verilog_sim/ic_contest/2018_grad_cell/verilog/run_sim/verdiLog)
used swap file number: (38)



swap file manager:
arrSize: (256)
idxCnt: (40)
closeHead: (38)
closeTail: (39)
openCnt: (2)
fid(39): fd(27) fileName(/users/m1053011/Desktop/verilog_sim/ic_contest/2018_grad_cell/verilog/run_sim/verdiLog/_swap_0001#-1463754408#5638)
	size(0) lastModTime(0) curModTime(1682528799)
	mode(w+b)	hot(0) cool(38) pos(0)
fid(38): fd(1073741824) fileName(/users/m1053011/Desktop/verilog_sim/ic_contest/2018_grad_cell/verilog/run_sim/simv.daidir/kdb.elab++/work.lib++/huffman.v.tdc)
	size(17019) lastModTime(1682528633) curModTime(1682528633)
	mode(rb)	hot(39) cool(0) pos(0)
fid(37): fd(0) fileName(NULL)
	mode(NULL)	hot(0) cool(0) pos(0)
fid(36): fd(0) fileName(NULL)
	mode(NULL)	hot(0) cool(0) pos(0)
fid(35): fd(0) fileName(NULL)
	mode(NULL)	hot(0) cool(0) pos(0)
fid(34): fd(0) fileName(NULL)
	mode(NULL)	hot(0) cool(0) pos(0)
fid(33): fd(0) fileName(NULL)
	mode(NULL)	hot(0) cool(0) pos(0)
fid(32): fd(0) fileName(NULL)
	mode(NULL)	hot(0) cool(0) pos(0)
fid(31): fd(0) fileName(NULL)
	mode(NULL)	hot(0) cool(0) pos(0)
fid(30): fd(0) fileName(NULL)
	mode(NULL)	hot(0) cool(0) pos(0)
fid(29): fd(0) fileName(NULL)
	mode(NULL)	hot(0) cool(0) pos(0)
fid(28): fd(0) fileName(NULL)
	mode(NULL)	hot(0) cool(0) pos(0)
fid(27): fd(0) fileName(NULL)
	mode(NULL)	hot(0) cool(0) pos(0)
fid(26): fd(0) fileName(NULL)
	mode(NULL)	hot(0) cool(0) pos(0)
fid(25): fd(0) fileName(NULL)
	mode(NULL)	hot(0) cool(0) pos(0)
fid(24): fd(0) fileName(NULL)
	mode(NULL)	hot(0) cool(0) pos(0)
fid(23): fd(0) fileName(NULL)
	mode(NULL)	hot(0) cool(0) pos(0)
fid(22): fd(0) fileName(NULL)
	mode(NULL)	hot(0) cool(0) pos(0)
fid(21): fd(0) fileName(NULL)
	mode(NULL)	hot(0) cool(0) pos(0)
fid(20): fd(0) fileName(NULL)
	mode(NULL)	hot(0) cool(0) pos(0)
fid(19): fd(0) fileName(NULL)
	mode(NULL)	hot(0) cool(0) pos(0)
fid(18): fd(0) fileName(NULL)
	mode(NULL)	hot(0) cool(0) pos(0)
fid(17): fd(0) fileName(NULL)
	mode(NULL)	hot(0) cool(0) pos(0)
fid(16): fd(0) fileName(NULL)
	mode(NULL)	hot(0) cool(0) pos(0)
fid(15): fd(0) fileName(NULL)
	mode(NULL)	hot(0) cool(0) pos(0)
fid(14): fd(0) fileName(NULL)
	mode(NULL)	hot(0) cool(0) pos(0)
fid(13): fd(0) fileName(NULL)
	mode(NULL)	hot(0) cool(0) pos(0)
fid(12): fd(0) fileName(NULL)
	mode(NULL)	hot(0) cool(0) pos(0)
fid(11): fd(0) fileName(NULL)
	mode(NULL)	hot(0) cool(0) pos(0)
fid(10): fd(0) fileName(NULL)
	mode(NULL)	hot(0) cool(0) pos(0)
fid(9): fd(0) fileName(NULL)
	mode(NULL)	hot(0) cool(0) pos(0)
fid(8): fd(0) fileName(NULL)
	mode(NULL)	hot(0) cool(0) pos(0)
fid(7): fd(0) fileName(NULL)
	mode(NULL)	hot(0) cool(0) pos(0)
fid(6): fd(0) fileName(NULL)
	mode(NULL)	hot(0) cool(0) pos(0)
fid(5): fd(0) fileName(NULL)
	mode(NULL)	hot(0) cool(0) pos(0)
fid(4): fd(0) fileName(NULL)
	mode(NULL)	hot(0) cool(0) pos(0)
fid(3): fd(0) fileName(NULL)
	mode(NULL)	hot(0) cool(0) pos(0)
fid(2): fd(0) fileName(NULL)
	mode(NULL)	hot(0) cool(0) pos(0)
fid(1): fd(0) fileName(NULL)
	mode(NULL)	hot(0) cool(0) pos(0)
fid(0): fd(0) fileName(NULL)
	mode(NULL)	hot(0) cool(0) pos(0)
==================================================
mySelf(0x20304120) pre(0x19a73b80) next((nil))
version(200506)
date(Jul 29 2021 02:26:32)
