Command: vcs -R -full64 ../tb.v ../huffman.v -kdb -lca -debug_access+all -l huffman.log \

*** Using c compiler gcc instead of cc ...
                         Chronologic VCS (TM)
         Version S-2021.09_Full64 -- Mon Apr 17 12:47:08 2023

                    Copyright (c) 1991 - 2021 Synopsys, Inc.
   This software and the associated documentation are proprietary to Synopsys,
 Inc. This software may only be used in accordance with the terms and conditions
 of a written license agreement with Synopsys, Inc. All other use, reproduction,
   or distribution of this software is strictly prohibited.  Licensed Products
     communicate with Synopsys servers for the purpose of providing software
    updates, detecting software piracy and verifying that customers are using
    Licensed Products in conformity with the applicable License Key for such
  Licensed Products. Synopsys will use information gathered in connection with
    this process to deliver software updates and pursue software pirates and
                                   infringers.

 Inclusivity & Diversity - Visit SolvNetPlus to read the "Synopsys Statement on
            Inclusivity and Diversity" (Refer to article 000036315 at
                        https://solvnetplus.synopsys.com)


Warning-[LCA_FEATURES_ENABLED] Usage warning
  LCA features enabled by '-lca' argument on the command line.  For more 
  information regarding list of LCA features please refer to Chapter "LCA 
  features" in the VCS Release Notes


Error-[SFCOR] Source file cannot be opened
  Source file "../tb.v" cannot be opened for reading due to 'No such file or 
  directory'.
  Please fix above issue and compile again.
  
  

1 warning
1 error
CPU time: .098 seconds to compile
