version: (200506)

available memory: 64M bytes
used memory: 196608 bytes [need 192K bytes if disable swap]

used block: 10 [memory(10) file(0)]
                 [ 8K(8) 64K(2) { total 192K bytes } ]
overhead: (9572) bytes for (10) blocks [Average: (957) bytes/block]

write  => 0(times) 0K(bytes) [0K bytes to file]
read   => 2(times) 89K(bytes) [13K bytes compressed data from file]
access => 230589(times) 1821M(bytes)
          [hit ratio: 99.9991%]

time: write(0) read(0)  unit: second

swap file directory: (/users/m1053011/Desktop/verilog_sim/ic_contest/2018_grad_cell/verilog/pre_ver/run/verdiLog)
used swap file number: (3)



swap file manager:
arrSize: (256)
idxCnt: (4)
closeHead: (1)
closeTail: (3)
openCnt: (3)
fid(3): fd(1073741825) fileName(/users/m1053011/Desktop/verilog_sim/ic_contest/2018_grad_cell/verilog/pre_ver/run/simv.daidir/kdb.elab++/work.lib++/huffman.v.tdc)
	size(29080) lastModTime(1681887401) curModTime(1681887401)
	mode(rb)	hot(0) cool(2) pos(0)
fid(2): fd(24) fileName(/users/m1053011/Desktop/verilog_sim/ic_contest/2018_grad_cell/verilog/pre_ver/run/verdiLog/_swap_0001#-1463754408#10129)
	size(0) lastModTime(0) curModTime(1681887438)
	mode(w+b)	hot(3) cool(1) pos(0)
fid(1): fd(1073741824) fileName(/users/m1053011/Desktop/verilog_sim/ic_contest/2018_grad_cell/verilog/pre_ver/run/simv.daidir/kdb.elab++/work.lib++/tb.v.tdc)
	size(7716) lastModTime(1681887401) curModTime(1681887401)
	mode(rb)	hot(2) cool(0) pos(0)
fid(0): fd(0) fileName(NULL)
	mode(NULL)	hot(0) cool(0) pos(0)
==================================================
mySelf(0x1a0302b0) pre(0x1a021bd0) next((nil))
version(200506)
date(Jul 29 2021 02:26:32)
