 
****************************************
Report : timing
        -path full
        -delay max
        -max_paths 1
Design : huffman
Version: S-2021.06-SP2
Date   : Thu Apr 27 09:53:01 2023
****************************************

Operating Conditions: slow   Library: slow
Wire Load Model Mode: top

  Startpoint: sym_cnt_reg[6][0]
              (rising edge-triggered flip-flop clocked by clk)
  Endpoint: c2_cnt_reg[1][1]
            (rising edge-triggered flip-flop clocked by clk)
  Path Group: clk
  Path Type: max

  Des/Clust/Port     Wire Load Model       Library
  ------------------------------------------------
  huffman            tsmc13_wl10           slow

  Point                                    Incr       Path
  -----------------------------------------------------------
  clock clk (rise edge)                    0.00       0.00
  clock network delay (ideal)              0.50       0.50
  sym_cnt_reg[6][0]/CK (DFFHQX8)           0.00       0.50 r
  sym_cnt_reg[6][0]/Q (DFFHQX8)            0.33       0.83 f
  add_171/B[0] (huffman_DW01_add_2)        0.00       0.83 f
  add_171/U1/Y (AND2X4)                    0.19       1.02 f
  add_171/U1_1/CO (ADDFHX4)                0.20       1.22 f
  add_171/U1_2/CO (ADDFHX4)                0.20       1.42 f
  add_171/U1_3/CO (ADDFHX4)                0.20       1.63 f
  add_171/U1_4/CO (ADDFHX4)                0.20       1.83 f
  add_171/U1_5/S (ADDFHX4)                 0.36       2.19 r
  add_171/SUM[5] (huffman_DW01_add_2)      0.00       2.19 r
  U1464/Y (INVX3)                          0.09       2.28 f
  U922/Y (INVX3)                           0.10       2.38 r
  U770/Y (INVX8)                           0.11       2.49 f
  U1013/Y (OAI32X2)                        0.27       2.76 r
  U1073/Y (INVX3)                          0.11       2.87 f
  U1242/Y (OAI221X4)                       0.52       3.39 r
  U1463/Y (CLKINVX1)                       0.37       3.76 f
  U1225/Y (AND3X2)                         0.41       4.18 f
  U885/Y (INVX4)                           0.36       4.53 r
  U872/Y (AND2X8)                          0.33       4.87 r
  U1047/Y (AND2X8)                         0.30       5.17 r
  U1079/Y (AND2X8)                         0.28       5.45 r
  U1060/Y (OAI22X1)                        0.19       5.65 f
  add_224/B[1] (huffman_DW01_add_0)        0.00       5.65 f
  add_224/U3/Y (BUFX3)                     0.25       5.89 f
  add_224/U1_1/CO (ADDFHX4)                0.25       6.14 f
  add_224/U1_2/CO (ADDFX2)                 0.36       6.51 f
  add_224/U1_3/CO (ADDFHX4)                0.23       6.73 f
  add_224/U1_4/CO (ADDFHX4)                0.20       6.94 f
  add_224/U1_5/S (ADDFHX4)                 0.32       7.26 r
  add_224/SUM[5] (huffman_DW01_add_0)      0.00       7.26 r
  U1501/Y (NOR2X1)                         0.17       7.43 f
  U1504/Y (OAI32X4)                        0.52       7.95 r
  U1980/Y (CLKINVX1)                       0.11       8.06 f
  U1057/Y (OAI221X4)                       0.51       8.58 r
  U1055/Y (INVX4)                          0.08       8.66 f
  U1221/Y (AND3X2)                         0.29       8.95 f
  U1222/Y (INVX8)                          0.22       9.16 r
  U892/Y (AND2X8)                          0.30       9.46 r
  U894/Y (AND2X8)                          0.27       9.73 r
  U958/Y (NOR2X1)                          0.13       9.86 f
  U957/Y (OR2X2)                           0.25      10.11 f
  c2_cnt_reg[1][1]/D (DFFX1)               0.00      10.11 f
  data arrival time                                  10.11

  clock clk (rise edge)                   10.00      10.00
  clock network delay (ideal)              0.50      10.50
  clock uncertainty                       -0.10      10.40
  c2_cnt_reg[1][1]/CK (DFFX1)              0.00      10.40 r
  library setup time                      -0.29      10.11
  data required time                                 10.11
  -----------------------------------------------------------
  data required time                                 10.11
  data arrival time                                 -10.11
  -----------------------------------------------------------
  slack (MET)                                         0.00


1
